Log file open, 11/03/17 11:54:55
LogWindows: Failed to load 'aqProf.dll' (GetLastError=126)
LogWindows: File 'aqProf.dll' does not exist
LogWindows: Failed to load 'VSPerf140.dll' (GetLastError=126)
LogWindows: File 'VSPerf140.dll' does not exist
LogWindows: Failed to load 'VtuneApi.dll' (GetLastError=126)
LogWindows: File 'VtuneApi.dll' does not exist
LogWindows: Failed to load 'VtuneApi32e.dll' (GetLastError=126)
LogWindows: File 'VtuneApi32e.dll' does not exist
LogInit: Display: Running engine for game: StarterProject
LogPlatformFile: Not using cached read wrapper
LogInit: Display: RandInit(-736937630) SRandInit(-736937630).
LogTaskGraph: Started task graph with 5 named threads and 14 total threads with 3 sets of task threads.
LogStats: Stats thread started at 0.193626
LogD3D11RHI: Aftermath initialized
LogPluginManager: Mounting plugin Paper2D
LogPluginManager: Mounting plugin LightPropagationVolume
LogPluginManager: Mounting plugin CodeLiteSourceCodeAccess
LogPluginManager: Mounting plugin GitSourceControl
LogPluginManager: Mounting plugin KDevelopSourceCodeAccess
LogPluginManager: Mounting plugin NullSourceCodeAccess
LogPluginManager: Mounting plugin PerforceSourceControl
LogPluginManager: Mounting plugin SubversionSourceControl
LogPluginManager: Mounting plugin UObjectPlugin
LogPluginManager: Mounting plugin VisualStudioSourceCodeAccess
LogPluginManager: Mounting plugin XCodeSourceCodeAccess
LogPluginManager: Mounting plugin AssetManagerEditor
LogPluginManager: Mounting plugin AudioCapture
LogPluginManager: Mounting plugin FacialAnimation
LogPluginManager: Mounting plugin GameplayTagsEditor
LogPluginManager: Mounting plugin MobileLauncherProfileWizard
LogPluginManager: Mounting plugin PluginBrowser
LogPluginManager: Mounting plugin SpeedTreeImporter
LogPluginManager: Mounting plugin AlembicImporter
LogPluginManager: Mounting plugin CharacterAI
LogPluginManager: Mounting plugin HTML5Networking
LogPluginManager: Mounting plugin AndroidMedia
LogPluginManager: Mounting plugin AvfMedia
LogPluginManager: Mounting plugin MediaPlayerEditor
LogPluginManager: Mounting plugin WmfMedia
LogPluginManager: Mounting plugin TcpMessaging
LogPluginManager: Mounting plugin UdpMessaging
LogPluginManager: Mounting plugin LevelSequenceEditor
LogPluginManager: Mounting plugin MatineeToLevelSequence
LogPluginManager: Mounting plugin OnlineSubsystemGooglePlay
LogPluginManager: Mounting plugin OnlineSubsystemIOS
LogPluginManager: Mounting plugin OnlineSubsystem
LogPluginManager: Mounting plugin OnlineSubsystemNull
LogPluginManager: Mounting plugin OnlineSubsystemUtils
LogPluginManager: Mounting plugin AndroidDeviceProfileSelector
LogPluginManager: Mounting plugin AndroidMoviePlayer
LogPluginManager: Mounting plugin AndroidPermission
LogPluginManager: Mounting plugin AppleMoviePlayer
LogPluginManager: Mounting plugin ArchVisCharacter
LogPluginManager: Mounting plugin CableComponent
LogPluginManager: Mounting plugin CustomMeshComponent
LogPluginManager: Mounting plugin ExampleDeviceProfileSelector
LogPluginManager: Mounting plugin GoogleCloudMessaging
LogPluginManager: Mounting plugin ImmediatePhysics
LogPluginManager: Mounting plugin IOSDeviceProfileSelector
LogPluginManager: Mounting plugin LinuxDeviceProfileSelector
LogPluginManager: Mounting plugin LocationServicesBPLibrary
LogPluginManager: Mounting plugin MobilePatchingUtils
LogPluginManager: Mounting plugin OculusVR
LogPluginManager: Mounting plugin PhysXVehicles
LogPluginManager: Mounting plugin ProceduralMeshComponent
LogPluginManager: Mounting plugin RuntimePhysXCooking
LogPluginManager: Mounting plugin SteamVR
LogPluginManager: Mounting plugin WindowsMoviePlayer
LogInit: Using libcurl 7.47.1
LogInit:  - built for x86_64-pc-win32
LogInit:  - supports SSL with OpenSSL/1.0.2g
LogInit:  - supports HTTP deflate (compression) using libz 1.2.8
LogInit:  - other features:
LogInit:      CURL_VERSION_SSL
LogInit:      CURL_VERSION_LIBZ
LogInit:      CURL_VERSION_IPV6
LogInit:      CURL_VERSION_ASYNCHDNS
LogInit:      CURL_VERSION_LARGEFILE
LogInit:      CURL_VERSION_IDN
LogInit:  CurlRequestOptions (configurable via config and command line):
LogInit:  - bVerifyPeer = false  - Libcurl will NOT verify peer certificate
LogInit:  - bUseHttpProxy = false  - Libcurl will NOT use HTTP proxy
LogInit:  - bDontReuseConnections = false  - Libcurl will reuse connections
LogInit:  - CertBundlePath = nullptr  - Libcurl will use whatever was configured at build time.
LogInit: Build: ++UE4+Release-4.17-CL-3658906
LogInit: Engine Version: 4.17.2-3658906+++UE4+Release-4.17
LogInit: Compatible Engine Version: 4.17.0-3573198+++UE4+Release-4.17
LogInit: Net CL: 3573198
LogDevObjectVersion: Number of dev versions registered: 16
LogDevObjectVersion:   Dev-Blueprints (B0D832E4-1F89-4F0D-ACCF-7EB736FD4AA2): 10
LogDevObjectVersion:   Dev-Build (E1C64328-A22C-4D53-A36C-8E866417BD8C): 0
LogDevObjectVersion:   Dev-Core (375EC13C-06E4-48FB-B500-84F0262A717E): 2
LogDevObjectVersion:   Dev-Editor (E4B068ED-F494-42E9-A231-DA0B2E46BB41): 20
LogDevObjectVersion:   Dev-Framework (CFFC743F-43B0-4480-9391-14DF171D2073): 28
LogDevObjectVersion:   Dev-Mobile (B02B49B5-BB20-44E9-A304-32B752E40360): 0
LogDevObjectVersion:   Dev-Networking (A4E4105C-59A1-49B5-A7C5-40C4547EDFEE): 0
LogDevObjectVersion:   Dev-Online (39C831C9-5AE6-47DC-9A44-9C173E1C8E7C): 0
LogDevObjectVersion:   Dev-Physics (78F01B33-EBEA-4F98-B9B4-84EACCB95AA2): 0
LogDevObjectVersion:   Dev-Platform (6631380F-2D4D-43E0-8009-CF276956A95A): 0
LogDevObjectVersion:   Dev-Rendering (12F88B9F-8875-4AFC-A67C-D90C383ABD29): 19
LogDevObjectVersion:   Dev-Sequencer (7B5AE74C-D270-4C10-A958-57980B212A5A): 4
LogDevObjectVersion:   Dev-VR (D7296918-1DD6-4BDD-9DE2-64A83CC13884): 0
LogDevObjectVersion:   Dev-LoadTimes (C2A15278-BFE7-4AFE-6C17-90FF531DF755): 1
LogDevObjectVersion:   Private-Geometry (6EACA3D4-40EC-4CC1-B786-8BED09428FC5): 1
LogDevObjectVersion:   Dev-AnimPhys (29E575DD-E0A3-4627-9D10-D276232CDCEA): 7
LogInit: Compiled (64-bit): Sep 22 2017 13:47:16
LogInit: Compiled with Visual C++: 19.00.24215.01
LogInit: Build Configuration: Development
LogInit: Branch Name: ++UE4+Release-4.17
LogInit: Command line: -EpicPortal 
LogInit: Base directory: C:/Program Files/Epic Games/UE_4.17/Engine/Binaries/Win64/
LogInit: Installed Engine Build: 1
LogInit: Presizing for max 8388607 objects, including 0 objects not considered by GC, pre-allocating 0 bytes for permanent pool.
LogInit: Object subsystem initialized
[2017.11.03-04.54.55:969][  0]LogInit: Selected Device Profile: [Windows]
[2017.11.03-04.54.55:969][  0]LogInit: Applying CVar settings loaded from the selected device profile: [Windows]
[2017.11.03-04.54.56:012][  0]LogInit: Computer: SARAS117
[2017.11.03-04.54.56:012][  0]LogInit: User: Admin
[2017.11.03-04.54.56:012][  0]LogInit: CPU Page size=4096, Cores=4
[2017.11.03-04.54.56:012][  0]LogInit: High frequency timer resolution =2.742184 MHz
[2017.11.03-04.54.56:012][  0]LogMemory: Memory total: Physical=7.9GB (8GB approx)
[2017.11.03-04.54.56:012][  0]LogMemory: Platform Memory Stats for Windows
[2017.11.03-04.54.56:012][  0]LogMemory: Process Physical Memory: 281.01 MB used, 281.01 MB peak
[2017.11.03-04.54.56:012][  0]LogMemory: Process Virtual Memory: 282.13 MB used, 282.13 MB peak
[2017.11.03-04.54.56:012][  0]LogMemory: Physical Memory: 5126.01 MB used,  2950.81 MB free, 8076.82 MB total
[2017.11.03-04.54.56:012][  0]LogMemory: Virtual Memory: 710.64 MB used,  2950.81 MB free, 134217728.00 MB total
[2017.11.03-04.54.56:269][  0]LogInit: Using OS detected language (en-US).
[2017.11.03-04.54.56:270][  0]LogInit: Using OS detected locale (en-US).
[2017.11.03-04.54.56:274][  0]LogTextLocalizationManager: No specific localization for 'en-US' exists, so the 'en' localization will be used.
[2017.11.03-04.54.57:150][  0]LogD3D11RHI: D3D11 adapters:
[2017.11.03-04.54.57:209][  0]LogD3D11RHI:    0. 'NVIDIA GeForce GTX 1050' (Feature Level 11_0)
[2017.11.03-04.54.57:209][  0]LogD3D11RHI:       1989/0/4038 MB DedicatedVideo/DedicatedSystem/SharedSystem, Outputs:2, VendorId:0x10de
[2017.11.03-04.54.57:216][  0]LogD3D11RHI:    1. 'Intel(R) HD Graphics 630' (Feature Level 11_0)
[2017.11.03-04.54.57:217][  0]LogD3D11RHI:       128/0/4038 MB DedicatedVideo/DedicatedSystem/SharedSystem, Outputs:0, VendorId:0x8086
[2017.11.03-04.54.57:218][  0]LogD3D11RHI:    2. 'Microsoft Basic Render Driver' (Feature Level 11_0)
[2017.11.03-04.54.57:219][  0]LogD3D11RHI:       0/0/4038 MB DedicatedVideo/DedicatedSystem/SharedSystem, Outputs:0, VendorId:0x1414
[2017.11.03-04.54.57:219][  0]LogD3D11RHI: Chosen D3D11 Adapter: 0
[2017.11.03-04.54.57:224][  0]LogD3D11RHI: Creating new Direct3DDevice
[2017.11.03-04.54.57:224][  0]LogD3D11RHI:     GPU DeviceId: 0x1c8d (for the marketing name, search the web for "GPU Device Id")
[2017.11.03-04.54.57:224][  0]LogWindows: EnumDisplayDevices:
[2017.11.03-04.54.57:224][  0]LogWindows:    0. 'Intel(R) HD Graphics 630' (P:1 D:1)
[2017.11.03-04.54.57:224][  0]LogWindows:    1. 'Intel(R) HD Graphics 630' (P:0 D:1)
[2017.11.03-04.54.57:224][  0]LogWindows:    2. 'Intel(R) HD Graphics 630' (P:0 D:0)
[2017.11.03-04.54.57:225][  0]LogWindows: DebugString: GetVideoDriverDetailsInvalid PrimaryIsNotTheChoosenAdapter GetVideoDriverDetailsInvalid PrimaryIsNotTheChoosenAdapter GetVideoDriverDetailsInvalid PrimaryIsNotTheChoosenAdapter FoundDriverCount:0 
[2017.11.03-04.54.57:225][  0]LogD3D11RHI:     Adapter Name: NVIDIA GeForce GTX 1050
[2017.11.03-04.54.57:225][  0]LogD3D11RHI:   Driver Version: Unknown (internal:Unknown, unified:Unknown)
[2017.11.03-04.54.57:225][  0]LogD3D11RHI:      Driver Date: Unknown
[2017.11.03-04.54.57:225][  0]LogRHI: Texture pool is 1361 MB (70% of 1945 MB)
[2017.11.03-04.54.57:254][  0]LogD3D11RHI: Async texture creation enabled
[2017.11.03-04.54.57:267][  0]LogD3D11RHI: GPU Timing Frequency: 1000.000000 (Debug: 2 1)
[2017.11.03-04.54.57:268][  0]LogShaderCompilers: Guid format shader working directory is 12 characters bigger than the processId version (D:/Workspace/Unreal/StarterProject/Intermediate/Shaders/WorkingDirectory/8096/).
[2017.11.03-04.54.57:269][  0]LogShaderCompilers: Cleaned the shader compiler working directory 'C:/Users/Admin/AppData/Local/Temp/UnrealShaderWorkingDir/5DCDF5AF42D0D25CC90917BD7E0EB9EA/'.
[2017.11.03-04.54.57:269][  0]LogShaderCompilers: Display: Using Local Shader Compiler.
[2017.11.03-04.54.58:643][  0]LogTemp: Display: Loaded TP AllDesktopTargetPlatform
[2017.11.03-04.54.58:714][  0]LogTemp: Display: Loaded TP MacClientTargetPlatform
[2017.11.03-04.54.58:785][  0]LogTemp: Display: Loaded TP MacNoEditorTargetPlatform
[2017.11.03-04.54.58:856][  0]LogTemp: Display: Loaded TP MacServerTargetPlatform
[2017.11.03-04.54.58:926][  0]LogTemp: Display: Loaded TP MacTargetPlatform
[2017.11.03-04.54.58:999][  0]LogTemp: Display: Loaded TP WindowsClientTargetPlatform
[2017.11.03-04.54.59:069][  0]LogTemp: Display: Loaded TP WindowsNoEditorTargetPlatform
[2017.11.03-04.54.59:139][  0]LogTemp: Display: Loaded TP WindowsServerTargetPlatform
[2017.11.03-04.54.59:203][  0]LogTemp: Display: Loaded TP WindowsTargetPlatform
[2017.11.03-04.54.59:272][  0]LogTemp: Display: Loaded TP AndroidTargetPlatform
[2017.11.03-04.54.59:342][  0]LogTemp: Display: Loaded TP Android_ASTCTargetPlatform
[2017.11.03-04.54.59:411][  0]LogTemp: Display: Loaded TP Android_ATCTargetPlatform
[2017.11.03-04.54.59:483][  0]LogTemp: Display: Loaded TP Android_DXTTargetPlatform
[2017.11.03-04.54.59:549][  0]LogTemp: Display: Loaded TP Android_ETC1TargetPlatform
[2017.11.03-04.54.59:619][  0]LogTemp: Display: Loaded TP Android_ETC2TargetPlatform
[2017.11.03-04.54.59:753][  0]LogTemp: Display: Loaded TP Android_MultiTargetPlatform
[2017.11.03-04.54.59:753][  0]LogTemp: Display: Loaded TP Android_PVRTCTargetPlatform
[2017.11.03-04.54.59:809][  0]LogTemp: Display: Loaded TP HTML5TargetPlatform
[2017.11.03-04.54.59:931][  0]LogTemp: Display: Loaded TP IOSTargetPlatform
[2017.11.03-04.54.59:973][  0]LogTemp: Display: Loaded TP TVOSTargetPlatform
[2017.11.03-04.55.00:062][  0]LogTemp: Display: Loaded TP LinuxClientTargetPlatform
[2017.11.03-04.55.00:135][  0]LogTemp: Display: Loaded TP LinuxNoEditorTargetPlatform
[2017.11.03-04.55.00:210][  0]LogTemp: Display: Loaded TP LinuxServerTargetPlatform
[2017.11.03-04.55.00:282][  0]LogTemp: Display: Loaded TP LinuxTargetPlatform
[2017.11.03-04.55.00:282][  0]LogTargetPlatformManager: Display: Building Assets For Windows
[2017.11.03-04.55.00:983][  0]LogDerivedDataCache: Display: Max Cache Size: 512 MB
[2017.11.03-04.55.02:042][  0]LogDerivedDataCache: Loaded boot cache 1.06s 93MB C:/Users/Admin/AppData/Local/UnrealEngine/4.17/DerivedDataCache/Boot.ddc.
[2017.11.03-04.55.02:043][  0]LogDerivedDataCache: Display: Loaded Boot cache: C:/Users/Admin/AppData/Local/UnrealEngine/4.17/DerivedDataCache/Boot.ddc
[2017.11.03-04.55.02:043][  0]LogDerivedDataCache: FDerivedDataBackendGraph:  Pak pak cache file D:/Workspace/Unreal/StarterProject/DerivedDataCache/DDC.ddp not found, will not use a pak cache.
[2017.11.03-04.55.02:043][  0]LogDerivedDataCache: Unable to find inner node Pak for hierarchical cache Hierarchy.
[2017.11.03-04.55.02:043][  0]LogDerivedDataCache: FDerivedDataBackendGraph:  CompressedPak pak cache file D:/Workspace/Unreal/StarterProject/DerivedDataCache/Compressed.ddp not found, will not use a pak cache.
[2017.11.03-04.55.02:043][  0]LogDerivedDataCache: Unable to find inner node CompressedPak for hierarchical cache Hierarchy.
[2017.11.03-04.55.02:062][  0]LogDerivedDataCache: Display: Pak cache opened for reading ../../../Engine/DerivedDataCache/Compressed.ddp.
[2017.11.03-04.55.02:075][  0]LogDerivedDataCache: Using Local data cache path C:/Users/Admin/AppData/Local/UnrealEngine/Common/DerivedDataCache: Writable
[2017.11.03-04.55.02:087][  0]LogMaterial: Verifying Global Shaders for PCD3D_SM5
[2017.11.03-04.55.02:088][  0]LogSlate: Using Freetype 2.6.0
[2017.11.03-04.55.02:088][  0]LogSlate: SlateFontCache - WITH_FREETYPE: 1, WITH_HARFBUZZ: 1
[2017.11.03-04.55.02:088][  0]LogSlate: SlateFontCache - WITH_FREETYPE: 1, WITH_HARFBUZZ: 1
[2017.11.03-04.55.02:482][  0]LogAssetRegistry: FAssetRegistry took 0.0255 seconds to start up
[2017.11.03-04.55.02:616][  0]LogInit: Selected Device Profile: [Windows]
[2017.11.03-04.55.02:832][  0]LogContentStreaming: Texture pool size is 0.00 MB
[2017.11.03-04.55.03:228][  0]LogSimplygon: Simplygon DLL not present - disabling.
[2017.11.03-04.55.03:288][  0]LogMeshReduction: Using SimplygonSwarm for distributed automatic mesh merging
[2017.11.03-04.55.03:288][  0]LogMeshReduction: Using QuadricMeshReduction for automatic static mesh reduction
[2017.11.03-04.55.03:288][  0]LogMeshReduction: No automatic skeletal mesh reduction module available
[2017.11.03-04.55.03:288][  0]LogMeshReduction: No automatic mesh merging module available
[2017.11.03-04.55.03:288][  0]LogMeshMerging: No automatic mesh merging module available
[2017.11.03-04.55.03:777][  0]LogNetVersion: StarterProject , NetCL: 3573198, EngineNetVer: 2, GameNetVer: 0 (Checksum: 1669075852)
[2017.11.03-04.55.04:878][  0]LogPackageLocalizationCache: Processed 5 localized package path(s) for 2 prioritized culture(s) in 0.875191 seconds
[2017.11.03-04.55.04:886][  0]LogUObjectArray: 35825 objects as part of root set at end of initial load.
[2017.11.03-04.55.04:886][  0]LogUObjectAllocator: 7529112 out of 0 bytes used by permanent object pool.
[2017.11.03-04.55.04:886][  0]LogUObjectArray: CloseDisregardForGC: 0/0 objects in disregard for GC pool
[2017.11.03-04.55.04:973][  0]LogInit: WinSock: version 1.1 (2.2), MaxSocks=32767, MaxUdp=65467
[2017.11.03-04.55.08:375][  0]LogTcpMessaging: Initializing TcpMessaging bridge
[2017.11.03-04.55.08:426][  0]LogUdpMessaging: Initializing bridge on interface 0.0.0.0:0 to multicast group 230.0.0.1:6666.
[2017.11.03-04.55.09:316][  0]LogMaterial: Uniform references updated for custom material expression Custom.
[2017.11.03-04.55.09:891][  0]SourceControl: Source control is disabled
[2017.11.03-04.55.09:891][  0]SourceControl: Source control is disabled
[2017.11.03-04.55.09:958][  0]SourceControl: Source control is disabled
[2017.11.03-04.55.10:027][  0]SourceControl: Source control is disabled
[2017.11.03-04.55.10:866][  0]LogAndroidPermission: UAndroidPermissionCallbackProxy::GetInstance
[2017.11.03-04.55.11:220][  0]LogOcInput: OculusInput pre-init called
[2017.11.03-04.55.11:571][  0]LogEngine: Initializing Engine...
[2017.11.03-04.55.11:573][  0]LogHMD: Failed to initialize OpenVR with code 110
[2017.11.03-04.55.11:839][  0]LogStats: UGameplayTagsManager::ConstructGameplayTagTree: Construct from data asset -  0.000 s
[2017.11.03-04.55.11:839][  0]LogStats: UGameplayTagsManager::ConstructGameplayTagTree: GameplayTagTreeChangedEvent.Broadcast -  0.000 s
[2017.11.03-04.55.12:059][  0]LogAIModule: Creating AISystem for world Untitled
[2017.11.03-04.55.12:070][  0]LogInit: XAudio2 using 'Speakers (Realtek High Definition Audio)' : 2 channels at 48 kHz using 32 bits per sample (channel mask 0x3)
[2017.11.03-04.55.12:111][  0]LogInit: FAudioDevice initialized.
[2017.11.03-04.55.12:345][  0]LogDerivedDataCache: Saved boot cache 0.23s 93MB C:/Users/Admin/AppData/Local/UnrealEngine/4.17/DerivedDataCache/Boot.ddc.
[2017.11.03-04.55.12:356][  0]LogInit: Texture streaming: Enabled
[2017.11.03-04.55.12:530][  0]LogEngineSessionManager: EngineSessionManager initialized
[2017.11.03-04.55.12:984][  0]LogInit: Transaction tracking system initialized
[2017.11.03-04.55.13:473][  0]BlueprintLog: New page: Editor Load
[2017.11.03-04.55.14:883][  0]LocalizationService: Localization service is disabled
[2017.11.03-04.55.15:980][  0]LogConsoleResponse: Display: 
[2017.11.03-04.55.17:186][  0]LogCook: Display: Max memory allowance for cook 16384mb min free memory 0mb
[2017.11.03-04.55.17:186][  0]LogCook: Display: Mobile HDR setting 1
[2017.11.03-04.55.17:187][  0]LogGameplayTags: Display: UGameplayTagsManager::DoneAddingNativeTags. DelegateIsBound: 0
[2017.11.03-04.55.17:688][  0]LogFileCache: Scanning file cache for directory 'D:/Workspace/Unreal/StarterProject/Content/' took 0.01s
[2017.11.03-04.55.19:134][  0]SourceControl: Source control is disabled
[2017.11.03-04.55.19:134][  0]Cmd: MAP LOAD FILE="D:/Workspace/Unreal/StarterProject/Content/StarterContent/Maps/Minimal_Default.umap" TEMPLATE=0 SHOWPROGRESS=1 FEATURELEVEL=3
[2017.11.03-04.55.19:134][  0]LightingResults: New page: Lighting Build
[2017.11.03-04.55.19:196][  0]MapCheck: New page: Map Check
[2017.11.03-04.55.19:196][  0]LightingResults: New page: Lighting Build
[2017.11.03-04.55.21:134][  0]LogAIModule: Creating AISystem for world Minimal_Default
[2017.11.03-04.55.21:316][  0]LogEditorServer: Finished looking for orphan Actors (0.000 secs)
[2017.11.03-04.55.21:356][  0]Cmd: MAP CHECKDEP NOCLEARLOG
[2017.11.03-04.55.21:430][  0]MapCheck: Map check complete: 0 Error(s), 0 Warning(s), took 73.682ms to complete.
[2017.11.03-04.55.21:430][  0]LogFileHelpers: Loading map 'Minimal_Default' took 2.296
[2017.11.03-04.55.21:538][  0]LogWindowsTextInputMethodSystem: Display: IME system now deactivated.
[2017.11.03-04.55.21:539][  0]LogWindowsTextInputMethodSystem: Display: IME system now deactivated.
[2017.11.03-04.55.22:097][  0]LogCollectionManager: Loaded 0 collections in 0.001886 seconds
[2017.11.03-04.55.22:200][  0]LogFileCache: Scanning file cache for directory 'D:/Workspace/Unreal/StarterProject/Saved/Collections/' took 0.01s
[2017.11.03-04.55.22:200][  0]LogFileCache: Scanning file cache for directory 'D:/Workspace/Unreal/StarterProject/Content/Developers/Admin/Collections/' took 0.01s
[2017.11.03-04.55.22:200][  0]LogFileCache: Scanning file cache for directory 'D:/Workspace/Unreal/StarterProject/Content/Collections/' took 0.01s
[2017.11.03-04.55.22:200][  0]LogCollectionManager: Rebuilt the GUID cache for 0 collections in 0.000001 seconds
[2017.11.03-04.55.22:208][  0]LogContentBrowser: Native class hierarchy populated in 0.0076 seconds. Added 2386 classes and 500 folders.
[2017.11.03-04.55.22:304][  0]LogContentBrowser: Native class hierarchy updated for 'WidgetCarousel' in 0.0007 seconds. Added 0 classes and 0 folders.
[2017.11.03-04.55.24:316][  0]LogContentBrowser: Native class hierarchy updated for 'AddContentDialog' in 0.0006 seconds. Added 0 classes and 0 folders.
[2017.11.03-04.55.24:400][  0]LogContentBrowser: Native class hierarchy updated for 'SceneOutliner' in 0.0006 seconds. Added 1 classes and 2 folders.
[2017.11.03-04.55.24:784][  0]LogSlate: Took 0.000189 seconds to synchronously load lazily loaded font '../../../Engine/Content/Slate/Fonts/Roboto-Regular.ttf' (155K)
[2017.11.03-04.55.24:786][  0]LogSlate: Took 0.000195 seconds to synchronously load lazily loaded font '../../../Engine/Content/Slate/Fonts/Roboto-Bold.ttf' (160K)
[2017.11.03-04.55.24:846][  0]LogSlate: Took 0.017703 seconds to synchronously load lazily loaded font '../../../Engine/Content/Editor/Slate/Fonts/FontAwesome.ttf' (139K)
[2017.11.03-04.55.25:382][  0]LogRenderer: Reallocating scene render targets to support 1208x576 Format 10 NumSamples 1 (Frame:1).
[2017.11.03-04.55.26:207][  0]LogContentBrowser: Native class hierarchy updated for 'HierarchicalLODOutliner' in 0.0006 seconds. Added 1 classes and 2 folders.
[2017.11.03-04.55.26:207][  0]LogLoad: (Engine Initialization) Total time: 33.17 seconds
[2017.11.03-04.55.26:207][  0]LogLoad: (Engine Initialization) Total Blueprint compile time: 0.00 seconds
[2017.11.03-04.55.26:207][  0]LogExternalProfiler: No external profilers were discovered.  External profiling features will not be available.
[2017.11.03-04.55.26:330][  0]LogContentStreaming: Texture pool size now 1000 MB
[2017.11.03-04.55.26:463][  0]LogSlate: Took 0.017742 seconds to synchronously load lazily loaded font '../../../Engine/Content/Slate/Fonts/Roboto-Light.ttf' (159K)
[2017.11.03-04.55.26:604][  2]LogAssetRegistry: Asset discovery search completed in 24.1433 seconds
[2017.11.03-04.55.26:606][  2]LogCollectionManager: Rebuilt the object cache for 0 collections in 0.000000 seconds (found 0 objects)
[2017.11.03-04.55.26:606][  2]LogCollectionManager: Fixed up redirectors for 0 collections in 0.000045 seconds (updated 0 objects)
[2017.11.03-04.55.34:848][385]LogEditorViewport: Clicking on Actor (context menu): StaticMeshActor (Floor)
[2017.11.03-04.55.43:210][767]LogSlate: Took 0.000297 seconds to synchronously load lazily loaded font '../../../Engine/Content/Slate/Fonts/Roboto-Light.ttf' (159K)
[2017.11.03-04.55.43:588][767]LogAIModule: Creating AISystem for world Level1
[2017.11.03-04.55.43:657][767]Cmd: MAP LOAD FILE="D:/Workspace/Unreal/StarterProject/Content/StarterContent/Maps/Level1.umap" TEMPLATE=0 SHOWPROGRESS=1 FEATURELEVEL=3
[2017.11.03-04.55.43:657][767]LightingResults: New page: Lighting Build
[2017.11.03-04.55.43:657][767]LoadErrors: New page: Loading map: Level1.umap
[2017.11.03-04.55.43:676][767]MapCheck: New page: Map Check
[2017.11.03-04.55.43:677][767]LightingResults: New page: Lighting Build
[2017.11.03-04.55.43:840][767]LogEditorServer: Finished looking for orphan Actors (0.000 secs)
[2017.11.03-04.55.43:912][767]Cmd: MAP CHECKDEP NOCLEARLOG
[2017.11.03-04.55.43:981][767]MapCheck: Map check complete: 0 Error(s), 0 Warning(s), took 68.758ms to complete.
[2017.11.03-04.55.43:981][767]LogFileHelpers: Loading map 'Level1' took 0.335
[2017.11.03-04.56.57:263][962]Cmd: TRANSACTION UNDO
[2017.11.03-04.56.57:263][962]LogEditorTransaction: Undo Create Actors
[2017.11.03-04.56.57:297][962]LogPhysics: Warning: UBodySetup::GetCookInfo: Triangle data from '/Game/StarterContent/Maps/Level1.Level1:PersistentLevel.ModelComponent_552' invalid (216 verts, 0 indices).
[2017.11.03-04.56.57:303][962]LogPhysics: Warning: Attempt to build physics data for /Game/StarterContent/Maps/Level1.Level1:PersistentLevel.ModelComponent_552.BodySetup_560 when we are unable to.
[2017.11.03-04.56.57:386][962]LogSlate: Took 0.000220 seconds to synchronously load lazily loaded font '../../../Engine/Content/Slate/Fonts/Roboto-Light.ttf' (159K)
[2017.11.03-04.57.57:295][171]LogMaterial: Missing cached shader map for material T_Door_M_Mat, compiling. 
[2017.11.03-04.57.57:391][171]LogMaterial: Warning: Failed to compile Material /Game/StarterContent/Textures/T_Door_M_Mat.T_Door_M_Mat for platform PCD3D_SM5, Default Material will be used in game.
[2017.11.03-04.57.57:391][171]LogMaterial: Warning: 	(Node TextureSample) TextureSample> Sampler type is Color, should be Masks for /Game/StarterContent/Textures/T_Door_M.T_Door_M
[2017.11.03-04.58.04:575][592]LogMaterial: Missing cached shader map for material T_Frame_M_Mat, compiling. 
[2017.11.03-04.58.29:571][ 56]LogMaterial: Missing cached shader map for material T_Wood_Oak_Mat, compiling. 
[2017.11.03-04.58.33:020][237]Cmd: TRANSACTION UNDO
[2017.11.03-04.58.33:020][237]LogEditorTransaction: Undo Create Actors
[2017.11.03-04.59.30:050][557]Cmd: TRANSACTION UNDO
[2017.11.03-04.59.30:050][557]LogEditorTransaction: Undo Create Actors
[2017.11.03-04.59.31:081][617]Cmd: TRANSACTION REDO
[2017.11.03-04.59.31:081][617]LogEditorTransaction: Redo Create Actors
[2017.11.03-05.02.18:982][260]Cmd: EDIT COPY
[2017.11.03-05.02.19:212][268]Cmd: EDIT PASTE
[2017.11.03-05.08.59:673][862]Cmd: SELECT NONE
[2017.11.03-05.09.00:359][862]LogEditorViewport: Clicking on Actor (LMB): StaticMeshActor (Plane)
[2017.11.03-05.09.00:815][884]LogEditorViewport: Clicking on Actor (LMB): StaticMeshActor (Plane)
[2017.11.03-05.09.11:897][504]Cmd: OBJ SAVEPACKAGE PACKAGE="/Game/StarterContent/Maps/Level1" FILE="D:/Workspace/Unreal/StarterProject/Content/StarterContent/Maps/Level1.umap" SILENT=true AUTOSAVING=false KEEPDIRTY=false
[2017.11.03-05.09.12:150][504]LogSavePackage: Save=120.61ms
[2017.11.03-05.09.12:150][504]LogSavePackage: Moving 'D:/Workspace/Unreal/StarterProject/Saved/Level15D0C3A2D424F5E74ECBB6099C8BC6AC9.tmp' to 'D:/Workspace/Unreal/StarterProject/Content/StarterContent/Maps/Level1.umap'
[2017.11.03-05.09.12:176][504]LogSavePackage: Display: Finished SavePackage D:/Workspace/Unreal/StarterProject/Content/StarterContent/Maps/Level1.umap
[2017.11.03-05.19.12:356][933]LogSavePackage: Save=136.93ms
[2017.11.03-05.19.12:356][933]LogSavePackage: Moving 'D:/Workspace/Unreal/StarterProject/Saved/Level1_Auto1DA31B4004EF785AC2F5B8B83715A728E.tmp' to 'D:/Workspace/Unreal/StarterProject/Saved/Autosaves/Game/StarterContent/Maps/Level1_Auto1.umap'
[2017.11.03-05.19.12:360][933]LogSavePackage: Display: Finished SavePackage D:/Workspace/Unreal/StarterProject/Saved/Autosaves/Game/StarterContent/Maps/Level1_Auto1.umap
[2017.11.03-05.19.12:364][933]LogFileHelpers: Editor autosave (incl. sublevels) for '/Game/StarterContent/Maps/Level1' took 0.336
[2017.11.03-05.19.12:367][933]LogFileHelpers: Editor autosave (incl. sublevels) for all levels took 0.336
[2017.11.03-05.19.12:403][933]OBJ SavePackage: Generating thumbnails for [1] asset(s) in package [/Game/StarterContent/Textures/T_Door_M_Mat] ([1] browsable assets)...
[2017.11.03-05.19.12:500][933]OBJ SavePackage:     Rendered thumbnail for [Material /Game/StarterContent/Textures/T_Door_M_Mat.T_Door_M_Mat]
[2017.11.03-05.19.12:500][933]OBJ SavePackage: Finished generating thumbnails for package [/Game/StarterContent/Textures/T_Door_M_Mat]
[2017.11.03-05.19.12:601][933]LogSavePackage: Save=98.49ms
[2017.11.03-05.19.12:605][933]LogSavePackage: Moving 'D:/Workspace/Unreal/StarterProject/Saved/T_Door_M_Mat_Auto17E95424A491E7970F8F56B85B6BDF369.tmp' to 'D:/Workspace/Unreal/StarterProject/Saved/Autosaves/Game/StarterContent/Textures/T_Door_M_Mat_Auto1.uasset'
[2017.11.03-05.19.12:606][933]LogSavePackage: Display: Finished SavePackage D:/Workspace/Unreal/StarterProject/Saved/Autosaves/Game/StarterContent/Textures/T_Door_M_Mat_Auto1.uasset
[2017.11.03-05.19.12:608][933]OBJ SavePackage: Generating thumbnails for [1] asset(s) in package [/Game/StarterContent/Textures/T_Frame_M_Mat] ([1] browsable assets)...
[2017.11.03-05.19.12:661][933]OBJ SavePackage:     Rendered thumbnail for [Material /Game/StarterContent/Textures/T_Frame_M_Mat.T_Frame_M_Mat]
[2017.11.03-05.19.12:662][933]OBJ SavePackage: Finished generating thumbnails for package [/Game/StarterContent/Textures/T_Frame_M_Mat]
[2017.11.03-05.19.12:740][933]LogSavePackage: Save=39.87ms
[2017.11.03-05.19.12:740][933]LogSavePackage: Moving 'D:/Workspace/Unreal/StarterProject/Saved/T_Frame_M_Mat_Auto1363D1F9145A9BE8F9D9BB58FEF322E21.tmp' to 'D:/Workspace/Unreal/StarterProject/Saved/Autosaves/Game/StarterContent/Textures/T_Frame_M_Mat_Auto1.uasset'
[2017.11.03-05.19.12:747][933]LogSavePackage: Display: Finished SavePackage D:/Workspace/Unreal/StarterProject/Saved/Autosaves/Game/StarterContent/Textures/T_Frame_M_Mat_Auto1.uasset
[2017.11.03-05.19.12:750][933]LogFileHelpers: Auto-saving content packages took 0.357
[2017.11.03-09.33.09:961][ 22]LogEditorViewport: Clicking Background
[2017.11.03-09.33.46:353][317]LogEditorViewport: Clicking Background
[2017.11.03-09.34.08:596][170]Cmd: SELECT NONE
[2017.11.03-09.34.46:405][418]Cmd: SELECT NONE
[2017.11.03-09.35.03:806][141]Cmd: OBJ SAVEPACKAGE PACKAGE="/Game/StarterContent/Maps/Level1" FILE="D:/Workspace/Unreal/StarterProject/Content/StarterContent/Maps/Level1.umap" SILENT=true AUTOSAVING=false KEEPDIRTY=false
[2017.11.03-09.35.04:268][141]LogSavePackage: Save=115.78ms
[2017.11.03-09.35.04:268][141]LogSavePackage: Moving 'D:/Workspace/Unreal/StarterProject/Saved/Level1AE7B51964DA5C6DE6211F0A7EF6918DA.tmp' to 'D:/Workspace/Unreal/StarterProject/Content/StarterContent/Maps/Level1.umap'
[2017.11.03-09.35.04:289][141]LogSavePackage: Display: Finished SavePackage D:/Workspace/Unreal/StarterProject/Content/StarterContent/Maps/Level1.umap
[2017.11.03-09.35.57:308][316]Cmd: OBJ SAVEPACKAGE PACKAGE="/Game/StarterContent/Maps/Level1" FILE="D:/Workspace/Unreal/StarterProject/Content/StarterContent/Maps/Level1.umap" SILENT=true AUTOSAVING=false KEEPDIRTY=false
[2017.11.03-09.35.57:432][316]LogSavePackage: Save=92.53ms
[2017.11.03-09.35.57:432][316]LogSavePackage: Moving 'D:/Workspace/Unreal/StarterProject/Saved/Level1B4CD4CED454030ACB4CC4B957E88E122.tmp' to 'D:/Workspace/Unreal/StarterProject/Content/StarterContent/Maps/Level1.umap'
[2017.11.03-09.35.57:435][316]LogSavePackage: Display: Finished SavePackage D:/Workspace/Unreal/StarterProject/Content/StarterContent/Maps/Level1.umap
[2017.11.03-10.49.45:814][988]LogHttp: Warning: 0000018FC9FDCD00: request failed, libcurl error: 6 (Couldn't resolve host name)
[2017.11.03-10.49.45:822][988]LogHttp: Warning: 0000018FC9FDCD00: libcurl info message cache 0 (Found bundle for host datarouter.ol.epicgames.com: 0x18fa947bfb8 [can pipeline])
[2017.11.03-10.49.45:822][988]LogHttp: Warning: 0000018FC9FDCD00: libcurl info message cache 1 (Re-using existing connection! (#43) with host datarouter.ol.epicgames.com)
[2017.11.03-10.49.45:838][988]LogHttp: Warning: 0000018FC9FDCD00: libcurl info message cache 2 (Connected to datarouter.ol.epicgames.com (34.234.242.30) port 443 (#43))
[2017.11.03-10.49.45:838][988]LogHttp: Warning: 0000018FC9FDCD00: libcurl info message cache 3 (upload completely sent off: 365 out of 365 bytes)
[2017.11.03-10.49.45:838][988]LogHttp: Warning: 0000018FC9FDCD00: libcurl info message cache 4 (SSL read: error:00000000:lib(0):func(0):reason(0), errno 10054)
[2017.11.03-10.49.45:838][988]LogHttp: Warning: 0000018FC9FDCD00: libcurl info message cache 5 (Connection died, retrying a fresh connect)
[2017.11.03-10.49.45:838][988]LogHttp: Warning: 0000018FC9FDCD00: libcurl info message cache 6 (Closing connection 43)
[2017.11.03-10.49.45:839][988]LogHttp: Warning: 0000018FC9FDCD00: libcurl info message cache 7 (Issue another request to this URL: 'https://datarouter.ol.epicgames.com/datarouter/api/v1/public/data?SessionID=%7B332F9BA2-49D6-0FAA-FA8F-39A8650343AB%7D&AppID=UEEditor.Rocket.Release&AppVersion=4.17.2-3658906%2B%2B%2BUE4%2BRelease-4.17&UserID=befe8b01461f6b7e699b7b9a4195d0f4%7C65be6e2357b84ad79381b1d7b2492de6%7C453bf187-8ca4-4de6-9f43-d71b1f41d715&AppEnvironment=datacollector-binary&UploadType=eteventstream')
[2017.11.03-10.49.45:839][988]LogHttp: Warning: 0000018FC9FDCD00: libcurl info message cache 8 (Could not resolve host: datarouter.ol.epicgames.com)
[2017.11.03-10.49.45:839][988]LogHttp: Warning: 0000018FC9FDCD00: libcurl info message cache 9 (Closing connection 44)
[2017.11.03-10.51.46:469][350]LogHttp: Warning: 0000018FC9FDD480: request failed, libcurl error: 6 (Couldn't resolve host name)
[2017.11.03-10.51.46:469][350]LogHttp: Warning: 0000018FC9FDD480: libcurl info message cache 0 (Could not resolve host: datarouter.ol.epicgames.com)
[2017.11.03-10.51.46:469][350]LogHttp: Warning: 0000018FC9FDD480: libcurl info message cache 1 (Closing connection 45)
[2017.11.03-11.15.42:108][ 98]Cmd: QUIT_EDITOR
[2017.11.03-11.15.46:307][ 98]LogWindowsTextInputMethodSystem: Display: IME system now deactivated.
[2017.11.03-11.15.46:307][ 98]LogWindowsTextInputMethodSystem: Display: IME system now deactivated.
[2017.11.03-11.15.46:540][ 98]LogExit: Preparing to exit.
[2017.11.03-11.15.49:381][ 98]LogExit: Editor shut down
[2017.11.03-11.15.49:415][ 98]LogExit: Transaction tracking system shut down
[2017.11.03-11.15.49:936][ 98]LogDirectoryWatcher: A directory notification for '../../../Engine/Content/' was aborted.
[2017.11.03-11.15.49:936][ 98]LogDirectoryWatcher: A directory notification for 'D:/Workspace/Unreal/StarterProject/Content/' was aborted.
[2017.11.03-11.15.49:936][ 98]LogDirectoryWatcher: A directory notification for '../../../Engine/Plugins/2D/Paper2D/Content/' was aborted.
[2017.11.03-11.15.49:936][ 98]LogDirectoryWatcher: A directory notification for '../../../Engine/Plugins/Runtime/Oculus/OculusVR/Content/' was aborted.
[2017.11.03-11.15.49:936][ 98]LogDirectoryWatcher: A directory notification for '../../../Engine/Plugins/Runtime/Steam/SteamVR/Content/' was aborted.
[2017.11.03-11.15.53:747][ 98]LogExit: Object subsystem successfully closed.
[2017.11.03-11.15.54:185][ 98]LogD3D11RHI: Shutdown
[2017.11.03-11.15.54:186][ 98]LogD3D11RHI: CleanupD3DDevice
