Log file open, 11/03/17 20:42:10
LogWindows: Failed to load 'aqProf.dll' (GetLastError=126)
LogWindows: File 'aqProf.dll' does not exist
LogWindows: Failed to load 'VSPerf140.dll' (GetLastError=126)
LogWindows: File 'VSPerf140.dll' does not exist
LogWindows: Failed to load 'VtuneApi.dll' (GetLastError=126)
LogWindows: File 'VtuneApi.dll' does not exist
LogWindows: Failed to load 'VtuneApi32e.dll' (GetLastError=126)
LogWindows: File 'VtuneApi32e.dll' does not exist
LogInit: Display: Running engine for game: StarterProject
LogPlatformFile: Not using cached read wrapper
LogInit: Display: RandInit(1129723579) SRandInit(1129723579).
LogTaskGraph: Started task graph with 5 named threads and 14 total threads with 3 sets of task threads.
LogStats: Stats thread started at 0.172426
LogD3D11RHI: Aftermath initialized
LogPluginManager: Mounting plugin Paper2D
LogPluginManager: Mounting plugin LightPropagationVolume
LogPluginManager: Mounting plugin CodeLiteSourceCodeAccess
LogPluginManager: Mounting plugin GitSourceControl
LogPluginManager: Mounting plugin KDevelopSourceCodeAccess
LogPluginManager: Mounting plugin NullSourceCodeAccess
LogPluginManager: Mounting plugin PerforceSourceControl
LogPluginManager: Mounting plugin SubversionSourceControl
LogPluginManager: Mounting plugin UObjectPlugin
LogPluginManager: Mounting plugin VisualStudioSourceCodeAccess
LogPluginManager: Mounting plugin XCodeSourceCodeAccess
LogPluginManager: Mounting plugin AssetManagerEditor
LogPluginManager: Mounting plugin AudioCapture
LogPluginManager: Mounting plugin FacialAnimation
LogPluginManager: Mounting plugin GameplayTagsEditor
LogPluginManager: Mounting plugin MobileLauncherProfileWizard
LogPluginManager: Mounting plugin PluginBrowser
LogPluginManager: Mounting plugin SpeedTreeImporter
LogPluginManager: Mounting plugin AlembicImporter
LogPluginManager: Mounting plugin CharacterAI
LogPluginManager: Mounting plugin HTML5Networking
LogPluginManager: Mounting plugin AndroidMedia
LogPluginManager: Mounting plugin AvfMedia
LogPluginManager: Mounting plugin MediaPlayerEditor
LogPluginManager: Mounting plugin WmfMedia
LogPluginManager: Mounting plugin TcpMessaging
LogPluginManager: Mounting plugin UdpMessaging
LogPluginManager: Mounting plugin LevelSequenceEditor
LogPluginManager: Mounting plugin MatineeToLevelSequence
LogPluginManager: Mounting plugin OnlineSubsystemGooglePlay
LogPluginManager: Mounting plugin OnlineSubsystemIOS
LogPluginManager: Mounting plugin OnlineSubsystem
LogPluginManager: Mounting plugin OnlineSubsystemNull
LogPluginManager: Mounting plugin OnlineSubsystemUtils
LogPluginManager: Mounting plugin AndroidDeviceProfileSelector
LogPluginManager: Mounting plugin AndroidMoviePlayer
LogPluginManager: Mounting plugin AndroidPermission
LogPluginManager: Mounting plugin AppleMoviePlayer
LogPluginManager: Mounting plugin ArchVisCharacter
LogPluginManager: Mounting plugin CableComponent
LogPluginManager: Mounting plugin CustomMeshComponent
LogPluginManager: Mounting plugin ExampleDeviceProfileSelector
LogPluginManager: Mounting plugin GoogleCloudMessaging
LogPluginManager: Mounting plugin ImmediatePhysics
LogPluginManager: Mounting plugin IOSDeviceProfileSelector
LogPluginManager: Mounting plugin LinuxDeviceProfileSelector
LogPluginManager: Mounting plugin LocationServicesBPLibrary
LogPluginManager: Mounting plugin MobilePatchingUtils
LogPluginManager: Mounting plugin OculusVR
LogPluginManager: Mounting plugin PhysXVehicles
LogPluginManager: Mounting plugin ProceduralMeshComponent
LogPluginManager: Mounting plugin RuntimePhysXCooking
LogPluginManager: Mounting plugin SteamVR
LogPluginManager: Mounting plugin WindowsMoviePlayer
LogInit: Using libcurl 7.47.1
LogInit:  - built for x86_64-pc-win32
LogInit:  - supports SSL with OpenSSL/1.0.2g
LogInit:  - supports HTTP deflate (compression) using libz 1.2.8
LogInit:  - other features:
LogInit:      CURL_VERSION_SSL
LogInit:      CURL_VERSION_LIBZ
LogInit:      CURL_VERSION_IPV6
LogInit:      CURL_VERSION_ASYNCHDNS
LogInit:      CURL_VERSION_LARGEFILE
LogInit:      CURL_VERSION_IDN
LogInit:  CurlRequestOptions (configurable via config and command line):
LogInit:  - bVerifyPeer = false  - Libcurl will NOT verify peer certificate
LogInit:  - bUseHttpProxy = false  - Libcurl will NOT use HTTP proxy
LogInit:  - bDontReuseConnections = false  - Libcurl will reuse connections
LogInit:  - CertBundlePath = nullptr  - Libcurl will use whatever was configured at build time.
LogInit: Build: ++UE4+Release-4.17-CL-3658906
LogInit: Engine Version: 4.17.2-3658906+++UE4+Release-4.17
LogInit: Compatible Engine Version: 4.17.0-3573198+++UE4+Release-4.17
LogInit: Net CL: 3573198
LogDevObjectVersion: Number of dev versions registered: 16
LogDevObjectVersion:   Dev-Blueprints (B0D832E4-1F89-4F0D-ACCF-7EB736FD4AA2): 10
LogDevObjectVersion:   Dev-Build (E1C64328-A22C-4D53-A36C-8E866417BD8C): 0
LogDevObjectVersion:   Dev-Core (375EC13C-06E4-48FB-B500-84F0262A717E): 2
LogDevObjectVersion:   Dev-Editor (E4B068ED-F494-42E9-A231-DA0B2E46BB41): 20
LogDevObjectVersion:   Dev-Framework (CFFC743F-43B0-4480-9391-14DF171D2073): 28
LogDevObjectVersion:   Dev-Mobile (B02B49B5-BB20-44E9-A304-32B752E40360): 0
LogDevObjectVersion:   Dev-Networking (A4E4105C-59A1-49B5-A7C5-40C4547EDFEE): 0
LogDevObjectVersion:   Dev-Online (39C831C9-5AE6-47DC-9A44-9C173E1C8E7C): 0
LogDevObjectVersion:   Dev-Physics (78F01B33-EBEA-4F98-B9B4-84EACCB95AA2): 0
LogDevObjectVersion:   Dev-Platform (6631380F-2D4D-43E0-8009-CF276956A95A): 0
LogDevObjectVersion:   Dev-Rendering (12F88B9F-8875-4AFC-A67C-D90C383ABD29): 19
LogDevObjectVersion:   Dev-Sequencer (7B5AE74C-D270-4C10-A958-57980B212A5A): 4
LogDevObjectVersion:   Dev-VR (D7296918-1DD6-4BDD-9DE2-64A83CC13884): 0
LogDevObjectVersion:   Dev-LoadTimes (C2A15278-BFE7-4AFE-6C17-90FF531DF755): 1
LogDevObjectVersion:   Private-Geometry (6EACA3D4-40EC-4CC1-B786-8BED09428FC5): 1
LogDevObjectVersion:   Dev-AnimPhys (29E575DD-E0A3-4627-9D10-D276232CDCEA): 7
LogInit: Compiled (64-bit): Sep 22 2017 13:47:16
LogInit: Compiled with Visual C++: 19.00.24215.01
LogInit: Build Configuration: Development
LogInit: Branch Name: ++UE4+Release-4.17
LogInit: Command line: -EpicPortal 
LogInit: Base directory: C:/Program Files/Epic Games/UE_4.17/Engine/Binaries/Win64/
LogInit: Installed Engine Build: 1
LogInit: Presizing for max 8388607 objects, including 0 objects not considered by GC, pre-allocating 0 bytes for permanent pool.
LogInit: Object subsystem initialized
[2017.11.03-13.42.12:919][  0]LogInit: Selected Device Profile: [Windows]
[2017.11.03-13.42.12:919][  0]LogInit: Applying CVar settings loaded from the selected device profile: [Windows]
[2017.11.03-13.42.12:933][  0]LogInit: Computer: SARAS117
[2017.11.03-13.42.12:933][  0]LogInit: User: Admin
[2017.11.03-13.42.12:933][  0]LogInit: CPU Page size=4096, Cores=4
[2017.11.03-13.42.12:933][  0]LogInit: High frequency timer resolution =2.742191 MHz
[2017.11.03-13.42.12:933][  0]LogMemory: Memory total: Physical=7.9GB (8GB approx)
[2017.11.03-13.42.12:933][  0]LogMemory: Platform Memory Stats for Windows
[2017.11.03-13.42.12:933][  0]LogMemory: Process Physical Memory: 279.75 MB used, 279.75 MB peak
[2017.11.03-13.42.12:933][  0]LogMemory: Process Virtual Memory: 274.13 MB used, 274.13 MB peak
[2017.11.03-13.42.12:933][  0]LogMemory: Physical Memory: 3417.91 MB used,  4658.91 MB free, 8076.82 MB total
[2017.11.03-13.42.12:933][  0]LogMemory: Virtual Memory: 702.64 MB used,  4658.91 MB free, 134217728.00 MB total
[2017.11.03-13.42.13:186][  0]LogInit: Using OS detected language (en-US).
[2017.11.03-13.42.13:186][  0]LogInit: Using OS detected locale (en-US).
[2017.11.03-13.42.13:189][  0]LogTextLocalizationManager: No specific localization for 'en-US' exists, so the 'en' localization will be used.
[2017.11.03-13.42.14:756][  0]LogD3D11RHI: D3D11 adapters:
[2017.11.03-13.42.14:807][  0]LogD3D11RHI:    0. 'NVIDIA GeForce GTX 1050' (Feature Level 11_0)
[2017.11.03-13.42.14:807][  0]LogD3D11RHI:       1989/0/4038 MB DedicatedVideo/DedicatedSystem/SharedSystem, Outputs:2, VendorId:0x10de
[2017.11.03-13.42.14:813][  0]LogD3D11RHI:    1. 'Intel(R) HD Graphics 630' (Feature Level 11_0)
[2017.11.03-13.42.14:813][  0]LogD3D11RHI:       128/0/4038 MB DedicatedVideo/DedicatedSystem/SharedSystem, Outputs:0, VendorId:0x8086
[2017.11.03-13.42.14:841][  0]LogD3D11RHI:    2. 'Microsoft Basic Render Driver' (Feature Level 11_0)
[2017.11.03-13.42.14:841][  0]LogD3D11RHI:       0/0/4038 MB DedicatedVideo/DedicatedSystem/SharedSystem, Outputs:0, VendorId:0x1414
[2017.11.03-13.42.14:841][  0]LogD3D11RHI: Chosen D3D11 Adapter: 0
[2017.11.03-13.42.14:846][  0]LogD3D11RHI: Creating new Direct3DDevice
[2017.11.03-13.42.14:846][  0]LogD3D11RHI:     GPU DeviceId: 0x1c8d (for the marketing name, search the web for "GPU Device Id")
[2017.11.03-13.42.14:847][  0]LogWindows: EnumDisplayDevices:
[2017.11.03-13.42.14:847][  0]LogWindows:    0. 'Intel(R) HD Graphics 630' (P:1 D:1)
[2017.11.03-13.42.14:847][  0]LogWindows:    1. 'Intel(R) HD Graphics 630' (P:0 D:1)
[2017.11.03-13.42.14:847][  0]LogWindows:    2. 'Intel(R) HD Graphics 630' (P:0 D:0)
[2017.11.03-13.42.14:847][  0]LogWindows: DebugString: GetVideoDriverDetailsInvalid PrimaryIsNotTheChoosenAdapter GetVideoDriverDetailsInvalid PrimaryIsNotTheChoosenAdapter GetVideoDriverDetailsInvalid PrimaryIsNotTheChoosenAdapter FoundDriverCount:0 
[2017.11.03-13.42.14:847][  0]LogD3D11RHI:     Adapter Name: NVIDIA GeForce GTX 1050
[2017.11.03-13.42.14:847][  0]LogD3D11RHI:   Driver Version: Unknown (internal:Unknown, unified:Unknown)
[2017.11.03-13.42.14:847][  0]LogD3D11RHI:      Driver Date: Unknown
[2017.11.03-13.42.14:847][  0]LogRHI: Texture pool is 1361 MB (70% of 1945 MB)
[2017.11.03-13.42.14:872][  0]LogD3D11RHI: Async texture creation enabled
[2017.11.03-13.42.14:884][  0]LogD3D11RHI: GPU Timing Frequency: 1000.000000 (Debug: 2 1)
[2017.11.03-13.42.14:885][  0]LogShaderCompilers: Guid format shader working directory is 11 characters bigger than the processId version (D:/Workspace/Unreal/StarterProject/Intermediate/Shaders/WorkingDirectory/14540/).
[2017.11.03-13.42.14:885][  0]LogShaderCompilers: Cleaned the shader compiler working directory 'C:/Users/Admin/AppData/Local/Temp/UnrealShaderWorkingDir/F287E9C7498F65FFC4EF9FBC03A0E961/'.
[2017.11.03-13.42.14:885][  0]LogShaderCompilers: Display: Using Local Shader Compiler.
[2017.11.03-13.42.17:028][  0]LogTemp: Display: Loaded TP AllDesktopTargetPlatform
[2017.11.03-13.42.17:089][  0]LogTemp: Display: Loaded TP MacClientTargetPlatform
[2017.11.03-13.42.17:151][  0]LogTemp: Display: Loaded TP MacNoEditorTargetPlatform
[2017.11.03-13.42.17:217][  0]LogTemp: Display: Loaded TP MacServerTargetPlatform
[2017.11.03-13.42.17:308][  0]LogTemp: Display: Loaded TP MacTargetPlatform
[2017.11.03-13.42.17:372][  0]LogTemp: Display: Loaded TP WindowsClientTargetPlatform
[2017.11.03-13.42.17:435][  0]LogTemp: Display: Loaded TP WindowsNoEditorTargetPlatform
[2017.11.03-13.42.17:498][  0]LogTemp: Display: Loaded TP WindowsServerTargetPlatform
[2017.11.03-13.42.17:553][  0]LogTemp: Display: Loaded TP WindowsTargetPlatform
[2017.11.03-13.42.17:633][  0]LogTemp: Display: Loaded TP AndroidTargetPlatform
[2017.11.03-13.42.17:693][  0]LogTemp: Display: Loaded TP Android_ASTCTargetPlatform
[2017.11.03-13.42.17:754][  0]LogTemp: Display: Loaded TP Android_ATCTargetPlatform
[2017.11.03-13.42.17:822][  0]LogTemp: Display: Loaded TP Android_DXTTargetPlatform
[2017.11.03-13.42.17:883][  0]LogTemp: Display: Loaded TP Android_ETC1TargetPlatform
[2017.11.03-13.42.17:944][  0]LogTemp: Display: Loaded TP Android_ETC2TargetPlatform
[2017.11.03-13.42.18:074][  0]LogTemp: Display: Loaded TP Android_MultiTargetPlatform
[2017.11.03-13.42.18:074][  0]LogTemp: Display: Loaded TP Android_PVRTCTargetPlatform
[2017.11.03-13.42.18:130][  0]LogTemp: Display: Loaded TP HTML5TargetPlatform
[2017.11.03-13.42.18:261][  0]LogTemp: Display: Loaded TP IOSTargetPlatform
[2017.11.03-13.42.18:295][  0]LogTemp: Display: Loaded TP TVOSTargetPlatform
[2017.11.03-13.42.18:352][  0]LogTemp: Display: Loaded TP LinuxClientTargetPlatform
[2017.11.03-13.42.18:408][  0]LogTemp: Display: Loaded TP LinuxNoEditorTargetPlatform
[2017.11.03-13.42.18:478][  0]LogTemp: Display: Loaded TP LinuxServerTargetPlatform
[2017.11.03-13.42.18:612][  0]LogTemp: Display: Loaded TP LinuxTargetPlatform
[2017.11.03-13.42.18:612][  0]LogTargetPlatformManager: Display: Building Assets For Windows
[2017.11.03-13.42.19:194][  0]LogDerivedDataCache: Display: Max Cache Size: 512 MB
[2017.11.03-13.42.19:276][  0]LogDerivedDataCache: Loaded boot cache 0.08s 93MB C:/Users/Admin/AppData/Local/UnrealEngine/4.17/DerivedDataCache/Boot.ddc.
[2017.11.03-13.42.19:276][  0]LogDerivedDataCache: Display: Loaded Boot cache: C:/Users/Admin/AppData/Local/UnrealEngine/4.17/DerivedDataCache/Boot.ddc
[2017.11.03-13.42.19:277][  0]LogDerivedDataCache: FDerivedDataBackendGraph:  Pak pak cache file D:/Workspace/Unreal/StarterProject/DerivedDataCache/DDC.ddp not found, will not use a pak cache.
[2017.11.03-13.42.19:277][  0]LogDerivedDataCache: Unable to find inner node Pak for hierarchical cache Hierarchy.
[2017.11.03-13.42.19:277][  0]LogDerivedDataCache: FDerivedDataBackendGraph:  CompressedPak pak cache file D:/Workspace/Unreal/StarterProject/DerivedDataCache/Compressed.ddp not found, will not use a pak cache.
[2017.11.03-13.42.19:277][  0]LogDerivedDataCache: Unable to find inner node CompressedPak for hierarchical cache Hierarchy.
[2017.11.03-13.42.19:291][  0]LogDerivedDataCache: Display: Pak cache opened for reading ../../../Engine/DerivedDataCache/Compressed.ddp.
[2017.11.03-13.42.19:303][  0]LogDerivedDataCache: Using Local data cache path C:/Users/Admin/AppData/Local/UnrealEngine/Common/DerivedDataCache: Writable
[2017.11.03-13.42.19:312][  0]LogMaterial: Verifying Global Shaders for PCD3D_SM5
[2017.11.03-13.42.19:312][  0]LogSlate: Using Freetype 2.6.0
[2017.11.03-13.42.19:329][  0]LogSlate: SlateFontCache - WITH_FREETYPE: 1, WITH_HARFBUZZ: 1
[2017.11.03-13.42.19:329][  0]LogSlate: SlateFontCache - WITH_FREETYPE: 1, WITH_HARFBUZZ: 1
[2017.11.03-13.42.20:543][  0]LogAssetRegistry: FAssetRegistry took 0.0277 seconds to start up
[2017.11.03-13.42.20:667][  0]LogInit: Selected Device Profile: [Windows]
[2017.11.03-13.42.20:844][  0]LogContentStreaming: Texture pool size is 0.00 MB
[2017.11.03-13.42.21:193][  0]LogSimplygon: Simplygon DLL not present - disabling.
[2017.11.03-13.42.21:247][  0]LogMeshReduction: Using SimplygonSwarm for distributed automatic mesh merging
[2017.11.03-13.42.21:247][  0]LogMeshReduction: Using QuadricMeshReduction for automatic static mesh reduction
[2017.11.03-13.42.21:247][  0]LogMeshReduction: No automatic skeletal mesh reduction module available
[2017.11.03-13.42.21:247][  0]LogMeshReduction: No automatic mesh merging module available
[2017.11.03-13.42.21:247][  0]LogMeshMerging: No automatic mesh merging module available
[2017.11.03-13.42.21:699][  0]LogNetVersion: StarterProject , NetCL: 3573198, EngineNetVer: 2, GameNetVer: 0 (Checksum: 1669075852)
[2017.11.03-13.42.21:918][  0]LogPackageLocalizationCache: Processed 5 localized package path(s) for 2 prioritized culture(s) in 0.026522 seconds
[2017.11.03-13.42.21:924][  0]LogUObjectArray: 35825 objects as part of root set at end of initial load.
[2017.11.03-13.42.21:924][  0]LogUObjectAllocator: 7529112 out of 0 bytes used by permanent object pool.
[2017.11.03-13.42.21:924][  0]LogUObjectArray: CloseDisregardForGC: 0/0 objects in disregard for GC pool
[2017.11.03-13.42.21:997][  0]LogInit: WinSock: version 1.1 (2.2), MaxSocks=32767, MaxUdp=65467
[2017.11.03-13.42.35:865][  0]LogTcpMessaging: Initializing TcpMessaging bridge
[2017.11.03-13.42.35:922][  0]LogUdpMessaging: Initializing bridge on interface 0.0.0.0:0 to multicast group 230.0.0.1:6666.
[2017.11.03-13.42.36:752][  0]LogMaterial: Uniform references updated for custom material expression Custom.
[2017.11.03-13.42.37:268][  0]SourceControl: Source control is disabled
[2017.11.03-13.42.37:268][  0]SourceControl: Source control is disabled
[2017.11.03-13.42.37:331][  0]SourceControl: Source control is disabled
[2017.11.03-13.42.37:384][  0]SourceControl: Source control is disabled
[2017.11.03-13.42.38:209][  0]LogAndroidPermission: UAndroidPermissionCallbackProxy::GetInstance
[2017.11.03-13.42.38:493][  0]LogOcInput: OculusInput pre-init called
[2017.11.03-13.42.38:787][  0]LogEngine: Initializing Engine...
[2017.11.03-13.42.38:789][  0]LogHMD: Failed to initialize OpenVR with code 110
[2017.11.03-13.42.39:030][  0]LogStats: UGameplayTagsManager::ConstructGameplayTagTree: Construct from data asset -  0.000 s
[2017.11.03-13.42.39:030][  0]LogStats: UGameplayTagsManager::ConstructGameplayTagTree: GameplayTagTreeChangedEvent.Broadcast -  0.000 s
[2017.11.03-13.42.39:194][  0]LogAIModule: Creating AISystem for world Untitled
[2017.11.03-13.42.39:203][  0]LogInit: XAudio2 using 'Speakers (Realtek High Definition Audio)' : 2 channels at 48 kHz using 32 bits per sample (channel mask 0x3)
[2017.11.03-13.42.39:320][  0]LogInit: FAudioDevice initialized.
[2017.11.03-13.42.39:481][  0]LogDerivedDataCache: Saved boot cache 0.16s 93MB C:/Users/Admin/AppData/Local/UnrealEngine/4.17/DerivedDataCache/Boot.ddc.
[2017.11.03-13.42.39:495][  0]LogInit: Texture streaming: Enabled
[2017.11.03-13.42.39:639][  0]LogEngineSessionManager: EngineSessionManager initialized
[2017.11.03-13.42.39:961][  0]LogInit: Transaction tracking system initialized
[2017.11.03-13.42.40:365][  0]BlueprintLog: New page: Editor Load
[2017.11.03-13.42.41:623][  0]LocalizationService: Localization service is disabled
[2017.11.03-13.42.42:648][  0]LogConsoleResponse: Display: 
[2017.11.03-13.42.42:851][  0]LogCook: Display: Max memory allowance for cook 16384mb min free memory 0mb
[2017.11.03-13.42.42:851][  0]LogCook: Display: Mobile HDR setting 1
[2017.11.03-13.42.42:851][  0]LogGameplayTags: Display: UGameplayTagsManager::DoneAddingNativeTags. DelegateIsBound: 0
[2017.11.03-13.42.43:560][  0]LogFileCache: Scanning file cache for directory 'D:/Workspace/Unreal/StarterProject/Content/' took 0.01s
[2017.11.03-13.42.44:290][  0]SourceControl: Source control is disabled
[2017.11.03-13.42.44:290][  0]Cmd: MAP LOAD FILE="D:/Workspace/Unreal/StarterProject/Content/StarterContent/Maps/Minimal_Default.umap" TEMPLATE=0 SHOWPROGRESS=1 FEATURELEVEL=3
[2017.11.03-13.42.44:291][  0]LightingResults: New page: Lighting Build
[2017.11.03-13.42.44:340][  0]MapCheck: New page: Map Check
[2017.11.03-13.42.44:340][  0]LightingResults: New page: Lighting Build
[2017.11.03-13.42.44:824][  0]LogAIModule: Creating AISystem for world Minimal_Default
[2017.11.03-13.42.44:831][  0]LogEditorServer: Finished looking for orphan Actors (0.000 secs)
[2017.11.03-13.42.44:850][  0]Cmd: MAP CHECKDEP NOCLEARLOG
[2017.11.03-13.42.44:912][  0]MapCheck: Map check complete: 0 Error(s), 0 Warning(s), took 61.546ms to complete.
[2017.11.03-13.42.44:912][  0]LogFileHelpers: Loading map 'Minimal_Default' took 0.621
[2017.11.03-13.42.45:158][  0]LogCollectionManager: Loaded 0 collections in 0.001653 seconds
[2017.11.03-13.42.45:260][  0]LogFileCache: Scanning file cache for directory 'D:/Workspace/Unreal/StarterProject/Saved/Collections/' took 0.01s
[2017.11.03-13.42.45:260][  0]LogFileCache: Scanning file cache for directory 'D:/Workspace/Unreal/StarterProject/Content/Developers/Admin/Collections/' took 0.01s
[2017.11.03-13.42.45:260][  0]LogFileCache: Scanning file cache for directory 'D:/Workspace/Unreal/StarterProject/Content/Collections/' took 0.01s
[2017.11.03-13.42.45:260][  0]LogCollectionManager: Rebuilt the GUID cache for 0 collections in 0.000000 seconds
[2017.11.03-13.42.45:268][  0]LogContentBrowser: Native class hierarchy populated in 0.0078 seconds. Added 2386 classes and 500 folders.
[2017.11.03-13.42.45:347][  0]LogContentBrowser: Native class hierarchy updated for 'WidgetCarousel' in 0.0006 seconds. Added 0 classes and 0 folders.
[2017.11.03-13.42.45:393][  0]LogContentBrowser: Native class hierarchy updated for 'AddContentDialog' in 0.0005 seconds. Added 0 classes and 0 folders.
[2017.11.03-13.42.45:444][  0]LogContentBrowser: Native class hierarchy updated for 'SceneOutliner' in 0.0006 seconds. Added 1 classes and 2 folders.
[2017.11.03-13.42.45:526][  0]LogSlate: Took 0.000170 seconds to synchronously load lazily loaded font '../../../Engine/Content/Slate/Fonts/Roboto-Regular.ttf' (155K)
[2017.11.03-13.42.45:557][  0]LogSlate: Took 0.029041 seconds to synchronously load lazily loaded font '../../../Engine/Content/Slate/Fonts/Roboto-Bold.ttf' (160K)
[2017.11.03-13.42.45:561][  0]LogSlate: Took 0.000164 seconds to synchronously load lazily loaded font '../../../Engine/Content/Editor/Slate/Fonts/FontAwesome.ttf' (139K)
[2017.11.03-13.42.45:670][  0]LogRenderer: Reallocating scene render targets to support 1208x576 Format 10 NumSamples 1 (Frame:1).
[2017.11.03-13.42.45:981][  0]LogContentBrowser: Native class hierarchy updated for 'HierarchicalLODOutliner' in 0.0006 seconds. Added 1 classes and 2 folders.
[2017.11.03-13.42.45:981][  0]LogLoad: (Engine Initialization) Total time: 36.21 seconds
[2017.11.03-13.42.45:981][  0]LogLoad: (Engine Initialization) Total Blueprint compile time: 0.00 seconds
[2017.11.03-13.42.45:981][  0]LogExternalProfiler: No external profilers were discovered.  External profiling features will not be available.
[2017.11.03-13.42.46:017][  0]LogAssetRegistry: Asset discovery search completed in 25.4976 seconds
[2017.11.03-13.42.46:019][  0]LogCollectionManager: Rebuilt the object cache for 0 collections in 0.000001 seconds (found 0 objects)
[2017.11.03-13.42.46:019][  0]LogCollectionManager: Fixed up redirectors for 0 collections in 0.000040 seconds (updated 0 objects)
[2017.11.03-13.42.46:022][  0]LogContentStreaming: Texture pool size now 1000 MB
[2017.11.03-13.42.46:095][  0]LogSlate: Took 0.028700 seconds to synchronously load lazily loaded font '../../../Engine/Content/Slate/Fonts/Roboto-Light.ttf' (159K)
[2017.11.03-13.42.54:691][505]LogSlate: Took 0.000130 seconds to synchronously load lazily loaded font '../../../Engine/Content/Slate/Fonts/Roboto-Light.ttf' (159K)
[2017.11.03-13.42.54:886][505]LogAIModule: Creating AISystem for world Level1
[2017.11.03-13.42.54:907][505]Cmd: MAP LOAD FILE="D:/Workspace/Unreal/StarterProject/Content/StarterContent/Maps/Level1.umap" TEMPLATE=0 SHOWPROGRESS=1 FEATURELEVEL=3
[2017.11.03-13.42.54:907][505]LightingResults: New page: Lighting Build
[2017.11.03-13.42.54:908][505]LoadErrors: New page: Loading map: Level1.umap
[2017.11.03-13.42.54:926][505]MapCheck: New page: Map Check
[2017.11.03-13.42.54:926][505]LightingResults: New page: Lighting Build
[2017.11.03-13.42.54:978][505]LogEditorServer: Finished looking for orphan Actors (0.000 secs)
[2017.11.03-13.42.55:000][505]Cmd: MAP CHECKDEP NOCLEARLOG
[2017.11.03-13.42.55:061][505]MapCheck: Map check complete: 0 Error(s), 0 Warning(s), took 60.943ms to complete.
[2017.11.03-13.42.55:061][505]LogFileHelpers: Loading map 'Level1' took 0.155
[2017.11.03-13.42.56:272][565]LogTemp: Repeating last play command: Selected Viewport
[2017.11.03-13.42.56:287][565]LogBlueprintUserMessages: Early PlayInEditor Detection: Level '/Game/StarterContent/Maps/Level1.Level1:PersistentLevel' has LevelScriptBlueprint '/Game/StarterContent/Maps/Level1.Level1:PersistentLevel.Level1' with GeneratedClass '/Game/StarterContent/Maps/Level1.Level1_C' with ClassGeneratedBy '/Game/StarterContent/Maps/Level1.Level1:PersistentLevel.Level1'
[2017.11.03-13.42.56:287][565]LogPlayLevel: PlayLevel: No blueprints needed recompiling
[2017.11.03-13.42.56:287][565]PIE: New page: PIE session: Level1 (Nov 4, 2017, 3:42:56 AM)
[2017.11.03-13.42.56:288][565]LogPlayLevel: Creating play world package: /Game/StarterContent/Maps/UEDPIE_0_Level1
[2017.11.03-13.42.56:291][565]LogPlayLevel: PIE: StaticDuplicateObject took: (0.003750s)
[2017.11.03-13.42.56:292][565]LogAIModule: Creating AISystem for world Level1
[2017.11.03-13.42.56:292][565]LogPlayLevel: PIE: World Init took: (0.000649s)
[2017.11.03-13.42.56:292][565]LogPlayLevel: PIE: Created PIE world by copying editor world from /Game/StarterContent/Maps/Level1.Level1 to /Game/StarterContent/Maps/UEDPIE_0_Level1.Level1 (0.004704s)
[2017.11.03-13.42.56:302][565]LogInit: XAudio2 using 'Speakers (Realtek High Definition Audio)' : 2 channels at 48 kHz using 32 bits per sample (channel mask 0x3)
[2017.11.03-13.42.56:334][565]LogInit: FAudioDevice initialized.
[2017.11.03-13.42.56:378][565]LogLoad: Game class is 'GameModeBase'
[2017.11.03-13.42.56:380][565]LogWorld: Bringing World /Game/StarterContent/Maps/UEDPIE_0_Level1.Level1 up for play (max tick rate 60) at 2017.11.03-20.42.56
[2017.11.03-13.42.56:380][565]LogWorld: Bringing up level for play took: 0.000795
[2017.11.03-13.42.56:430][565]LogContentBrowser: Native class hierarchy updated for 'MovieSceneCapture' in 0.0006 seconds. Added 11 classes and 0 folders.
[2017.11.03-13.42.56:431][565]PIE: Play in editor start time for /Game/StarterContent/Maps/UEDPIE_0_Level1 -0.659
[2017.11.03-13.42.56:432][565]LogBlueprintUserMessages: Late PlayInEditor Detection: Level '/Game/StarterContent/Maps/Level1.Level1:PersistentLevel' has LevelScriptBlueprint '/Game/StarterContent/Maps/Level1.Level1:PersistentLevel.Level1' with GeneratedClass '/Game/StarterContent/Maps/Level1.Level1_C' with ClassGeneratedBy '/Game/StarterContent/Maps/Level1.Level1:PersistentLevel.Level1'
[2017.11.03-13.42.59:647][748]LogBlueprintUserMessages: Early EndPlayMap Detection: Level '/Game/StarterContent/Maps/Level1.Level1:PersistentLevel' has LevelScriptBlueprint '/Game/StarterContent/Maps/Level1.Level1:PersistentLevel.Level1' with GeneratedClass '/Game/StarterContent/Maps/Level1.Level1_C' with ClassGeneratedBy '/Game/StarterContent/Maps/Level1.Level1:PersistentLevel.Level1'
[2017.11.03-13.42.59:680][748]LogBlueprintUserMessages: Late EndPlayMap Detection: Level '/Game/StarterContent/Maps/Level1.Level1:PersistentLevel' has LevelScriptBlueprint '/Game/StarterContent/Maps/Level1.Level1:PersistentLevel.Level1' with GeneratedClass '/Game/StarterContent/Maps/Level1.Level1_C' with ClassGeneratedBy '/Game/StarterContent/Maps/Level1.Level1:PersistentLevel.Level1'
[2017.11.03-13.43.01:081][828]LogSlate: Took 0.000163 seconds to synchronously load lazily loaded font '../../../Engine/Content/Slate/Fonts/Roboto-Light.ttf' (159K)
[2017.11.03-13.43.02:659][898]LogContentBrowser: Native class hierarchy updated for 'BlueprintGraph' in 0.0010 seconds. Added 113 classes and 0 folders.
[2017.11.03-13.43.03:263][898]LogSlate: Took 0.000147 seconds to synchronously load lazily loaded font '../../../Engine/Content/Editor/Slate/Fonts/Roboto-BoldCondensed.ttf' (158K)
[2017.11.03-13.43.03:366][899]LogSlate: Took 0.000239 seconds to synchronously load lazily loaded font '../../../Engine/Content/Editor/Slate/Fonts/Roboto-Italic.ttf' (157K)
[2017.11.03-13.43.22:868][922]LogTemp: Repeating last play command: Selected Viewport
[2017.11.03-13.43.22:879][922]LogBlueprintUserMessages: Early PlayInEditor Detection: Level '/Game/StarterContent/Maps/Level1.Level1:PersistentLevel' has LevelScriptBlueprint '/Game/StarterContent/Maps/Level1.Level1:PersistentLevel.Level1' with GeneratedClass '/Game/StarterContent/Maps/Level1.Level1_C' with ClassGeneratedBy '/Game/StarterContent/Maps/Level1.Level1:PersistentLevel.Level1'
[2017.11.03-13.43.22:879][922]LogPlayLevel: PlayLevel: No blueprints needed recompiling
[2017.11.03-13.43.22:879][922]PIE: New page: PIE session: Level1 (Nov 4, 2017, 3:43:22 AM)
[2017.11.03-13.43.22:879][922]LogPlayLevel: Creating play world package: /Game/StarterContent/Maps/UEDPIE_0_Level1
[2017.11.03-13.43.22:884][922]LogPlayLevel: PIE: StaticDuplicateObject took: (0.004207s)
[2017.11.03-13.43.22:884][922]LogAIModule: Creating AISystem for world Level1
[2017.11.03-13.43.22:885][922]LogPlayLevel: PIE: World Init took: (0.001029s)
[2017.11.03-13.43.22:885][922]LogPlayLevel: PIE: Created PIE world by copying editor world from /Game/StarterContent/Maps/Level1.Level1 to /Game/StarterContent/Maps/UEDPIE_0_Level1.Level1 (0.005530s)
[2017.11.03-13.43.22:905][922]LogInit: XAudio2 using 'Speakers (Realtek High Definition Audio)' : 2 channels at 48 kHz using 32 bits per sample (channel mask 0x3)
[2017.11.03-13.43.22:935][922]LogInit: FAudioDevice initialized.
[2017.11.03-13.43.22:984][922]LogLoad: Game class is 'GameModeBase'
[2017.11.03-13.43.22:985][922]LogWorld: Bringing World /Game/StarterContent/Maps/UEDPIE_0_Level1.Level1 up for play (max tick rate 60) at 2017.11.03-20.43.22
[2017.11.03-13.43.22:986][922]LogWorld: Bringing up level for play took: 0.000848
[2017.11.03-13.43.22:987][922]PIE: Play in editor start time for /Game/StarterContent/Maps/UEDPIE_0_Level1 -0.104
[2017.11.03-13.43.22:987][922]LogBlueprintUserMessages: Late PlayInEditor Detection: Level '/Game/StarterContent/Maps/Level1.Level1:PersistentLevel' has LevelScriptBlueprint '/Game/StarterContent/Maps/Level1.Level1:PersistentLevel.Level1' with GeneratedClass '/Game/StarterContent/Maps/Level1.Level1_C' with ClassGeneratedBy '/Game/StarterContent/Maps/Level1.Level1:PersistentLevel.Level1'
[2017.11.03-13.43.23:862][974]LogScript: Warning: Accessed None trying to read property PointLight_1_ExecuteUbergraph_Level1_RefProperty
	Level1_C /Game/StarterContent/Maps/UEDPIE_0_Level1.Level1:PersistentLevel.Level1_C_1
	Function /Game/StarterContent/Maps/Level1.Level1_C:ExecuteUbergraph_Level1:002F
[2017.11.03-13.43.23:862][974]PIE: Error: Blueprint Runtime Error: Accessed None trying to read property PointLight_1_ExecuteUbergraph_Level1_RefProperty from function: 'ExecuteUbergraph_Level1' from node: Set Visibility in graph: EventGraph in object: Level1 with description: Accessed None trying to read property PointLight_1_ExecuteUbergraph_Level1_RefProperty
[2017.11.03-13.43.23:862][974]LogScript: Warning: Accessed None
	Level1_C /Game/StarterContent/Maps/UEDPIE_0_Level1.Level1:PersistentLevel.Level1_C_1
	Function /Game/StarterContent/Maps/Level1.Level1_C:ExecuteUbergraph_Level1:0044
[2017.11.03-13.43.23:862][974]PIE: Error: Blueprint Runtime Error: Accessed None from function: 'ExecuteUbergraph_Level1' from node: Set Visibility in graph: EventGraph in object: Level1 with description: Accessed None
[2017.11.03-13.43.23:862][974]LogScript: Warning: Accessed None trying to read property PointLight_1_ExecuteUbergraph_Level1_RefProperty
	Level1_C /Game/StarterContent/Maps/UEDPIE_0_Level1.Level1:PersistentLevel.Level1_C_1
	Function /Game/StarterContent/Maps/Level1.Level1_C:ExecuteUbergraph_Level1:0066
[2017.11.03-13.43.23:862][974]PIE: Error: Blueprint Runtime Error: Accessed None trying to read property PointLight_1_ExecuteUbergraph_Level1_RefProperty from function: 'ExecuteUbergraph_Level1' from node: Set Visibility in graph: EventGraph in object: Level1 with description: Accessed None trying to read property PointLight_1_ExecuteUbergraph_Level1_RefProperty
[2017.11.03-13.43.23:862][974]LogScript: Warning: Accessed None
	Level1_C /Game/StarterContent/Maps/UEDPIE_0_Level1.Level1:PersistentLevel.Level1_C_1
	Function /Game/StarterContent/Maps/Level1.Level1_C:ExecuteUbergraph_Level1:007B
[2017.11.03-13.43.23:863][974]PIE: Error: Blueprint Runtime Error: Accessed None from function: 'ExecuteUbergraph_Level1' from node: Set Visibility in graph: EventGraph in object: Level1 with description: Accessed None
[2017.11.03-13.43.23:863][974]LogScript: Warning: Accessed None trying to read property PointLight_1_ExecuteUbergraph_Level1_RefProperty
	Level1_C /Game/StarterContent/Maps/UEDPIE_0_Level1.Level1:PersistentLevel.Level1_C_1
	Function /Game/StarterContent/Maps/Level1.Level1_C:ExecuteUbergraph_Level1:00BA
[2017.11.03-13.43.23:863][974]PIE: Error: Blueprint Runtime Error: Accessed None trying to read property PointLight_1_ExecuteUbergraph_Level1_RefProperty from function: 'ExecuteUbergraph_Level1' from node: Set Visibility in graph: EventGraph in object: Level1 with description: Accessed None trying to read property PointLight_1_ExecuteUbergraph_Level1_RefProperty
[2017.11.03-13.43.23:863][974]LogScript: Warning: Accessed None
	Level1_C /Game/StarterContent/Maps/UEDPIE_0_Level1.Level1:PersistentLevel.Level1_C_1
	Function /Game/StarterContent/Maps/Level1.Level1_C:ExecuteUbergraph_Level1:00CF
[2017.11.03-13.43.23:863][974]PIE: Error: Blueprint Runtime Error: Accessed None from function: 'ExecuteUbergraph_Level1' from node: Set Visibility in graph: EventGraph in object: Level1 with description: Accessed None
[2017.11.03-13.43.23:863][974]LogScript: Warning: Accessed None trying to read property PointLight_1_ExecuteUbergraph_Level1_RefProperty
	Level1_C /Game/StarterContent/Maps/UEDPIE_0_Level1.Level1:PersistentLevel.Level1_C_1
	Function /Game/StarterContent/Maps/Level1.Level1_C:ExecuteUbergraph_Level1:00F1
[2017.11.03-13.43.23:863][974]PIE: Error: Blueprint Runtime Error: Accessed None trying to read property PointLight_1_ExecuteUbergraph_Level1_RefProperty from function: 'ExecuteUbergraph_Level1' from node: Set Visibility in graph: EventGraph in object: Level1 with description: Accessed None trying to read property PointLight_1_ExecuteUbergraph_Level1_RefProperty
[2017.11.03-13.43.23:863][974]LogScript: Warning: Accessed None
	Level1_C /Game/StarterContent/Maps/UEDPIE_0_Level1.Level1:PersistentLevel.Level1_C_1
	Function /Game/StarterContent/Maps/Level1.Level1_C:ExecuteUbergraph_Level1:0106
[2017.11.03-13.43.23:863][974]PIE: Error: Blueprint Runtime Error: Accessed None from function: 'ExecuteUbergraph_Level1' from node: Set Visibility in graph: EventGraph in object: Level1 with description: Accessed None
[2017.11.03-13.43.24:862][ 34]LogScript: Warning: Accessed None trying to read property PointLight_1_ExecuteUbergraph_Level1_RefProperty
	Level1_C /Game/StarterContent/Maps/UEDPIE_0_Level1.Level1:PersistentLevel.Level1_C_1
	Function /Game/StarterContent/Maps/Level1.Level1_C:ExecuteUbergraph_Level1:002F
[2017.11.03-13.43.24:862][ 34]PIE: Error: Blueprint Runtime Error: Accessed None trying to read property PointLight_1_ExecuteUbergraph_Level1_RefProperty from function: 'ExecuteUbergraph_Level1' from node: Set Visibility in graph: EventGraph in object: Level1 with description: Accessed None trying to read property PointLight_1_ExecuteUbergraph_Level1_RefProperty
[2017.11.03-13.43.24:862][ 34]LogScript: Warning: Accessed None
	Level1_C /Game/StarterContent/Maps/UEDPIE_0_Level1.Level1:PersistentLevel.Level1_C_1
	Function /Game/StarterContent/Maps/Level1.Level1_C:ExecuteUbergraph_Level1:0044
[2017.11.03-13.43.24:862][ 34]PIE: Error: Blueprint Runtime Error: Accessed None from function: 'ExecuteUbergraph_Level1' from node: Set Visibility in graph: EventGraph in object: Level1 with description: Accessed None
[2017.11.03-13.43.24:862][ 34]LogScript: Warning: Accessed None trying to read property PointLight_1_ExecuteUbergraph_Level1_RefProperty
	Level1_C /Game/StarterContent/Maps/UEDPIE_0_Level1.Level1:PersistentLevel.Level1_C_1
	Function /Game/StarterContent/Maps/Level1.Level1_C:ExecuteUbergraph_Level1:0066
[2017.11.03-13.43.24:862][ 34]PIE: Error: Blueprint Runtime Error: Accessed None trying to read property PointLight_1_ExecuteUbergraph_Level1_RefProperty from function: 'ExecuteUbergraph_Level1' from node: Set Visibility in graph: EventGraph in object: Level1 with description: Accessed None trying to read property PointLight_1_ExecuteUbergraph_Level1_RefProperty
[2017.11.03-13.43.24:863][ 34]LogScript: Warning: Accessed None
	Level1_C /Game/StarterContent/Maps/UEDPIE_0_Level1.Level1:PersistentLevel.Level1_C_1
	Function /Game/StarterContent/Maps/Level1.Level1_C:ExecuteUbergraph_Level1:007B
[2017.11.03-13.43.24:863][ 34]PIE: Error: Blueprint Runtime Error: Accessed None from function: 'ExecuteUbergraph_Level1' from node: Set Visibility in graph: EventGraph in object: Level1 with description: Accessed None
[2017.11.03-13.43.24:863][ 34]LogScript: Warning: Accessed None trying to read property PointLight_1_ExecuteUbergraph_Level1_RefProperty
	Level1_C /Game/StarterContent/Maps/UEDPIE_0_Level1.Level1:PersistentLevel.Level1_C_1
	Function /Game/StarterContent/Maps/Level1.Level1_C:ExecuteUbergraph_Level1:00BA
[2017.11.03-13.43.24:863][ 34]PIE: Error: Blueprint Runtime Error: Accessed None trying to read property PointLight_1_ExecuteUbergraph_Level1_RefProperty from function: 'ExecuteUbergraph_Level1' from node: Set Visibility in graph: EventGraph in object: Level1 with description: Accessed None trying to read property PointLight_1_ExecuteUbergraph_Level1_RefProperty
[2017.11.03-13.43.24:863][ 34]LogScript: Warning: Accessed None
	Level1_C /Game/StarterContent/Maps/UEDPIE_0_Level1.Level1:PersistentLevel.Level1_C_1
	Function /Game/StarterContent/Maps/Level1.Level1_C:ExecuteUbergraph_Level1:00CF
[2017.11.03-13.43.24:863][ 34]PIE: Error: Blueprint Runtime Error: Accessed None from function: 'ExecuteUbergraph_Level1' from node: Set Visibility in graph: EventGraph in object: Level1 with description: Accessed None
[2017.11.03-13.43.24:863][ 34]LogScript: Warning: Accessed None trying to read property PointLight_1_ExecuteUbergraph_Level1_RefProperty
	Level1_C /Game/StarterContent/Maps/UEDPIE_0_Level1.Level1:PersistentLevel.Level1_C_1
	Function /Game/StarterContent/Maps/Level1.Level1_C:ExecuteUbergraph_Level1:00F1
[2017.11.03-13.43.24:863][ 34]PIE: Error: Blueprint Runtime Error: Accessed None trying to read property PointLight_1_ExecuteUbergraph_Level1_RefProperty from function: 'ExecuteUbergraph_Level1' from node: Set Visibility in graph: EventGraph in object: Level1 with description: Accessed None trying to read property PointLight_1_ExecuteUbergraph_Level1_RefProperty
[2017.11.03-13.43.24:863][ 34]LogScript: Warning: Accessed None
	Level1_C /Game/StarterContent/Maps/UEDPIE_0_Level1.Level1:PersistentLevel.Level1_C_1
	Function /Game/StarterContent/Maps/Level1.Level1_C:ExecuteUbergraph_Level1:0106
[2017.11.03-13.43.24:863][ 34]PIE: Error: Blueprint Runtime Error: Accessed None from function: 'ExecuteUbergraph_Level1' from node: Set Visibility in graph: EventGraph in object: Level1 with description: Accessed None
[2017.11.03-13.43.25:148][ 51]LogBlueprintUserMessages: Early EndPlayMap Detection: Level '/Game/StarterContent/Maps/Level1.Level1:PersistentLevel' has LevelScriptBlueprint '/Game/StarterContent/Maps/Level1.Level1:PersistentLevel.Level1' with GeneratedClass '/Game/StarterContent/Maps/Level1.Level1_C' with ClassGeneratedBy '/Game/StarterContent/Maps/Level1.Level1:PersistentLevel.Level1'
[2017.11.03-13.43.25:217][ 51]LogBlueprintUserMessages: Late EndPlayMap Detection: Level '/Game/StarterContent/Maps/Level1.Level1:PersistentLevel' has LevelScriptBlueprint '/Game/StarterContent/Maps/Level1.Level1:PersistentLevel.Level1' with GeneratedClass '/Game/StarterContent/Maps/Level1.Level1_C' with ClassGeneratedBy '/Game/StarterContent/Maps/Level1.Level1:PersistentLevel.Level1'
[2017.11.03-13.43.27:119][149]Cmd: OBJ SAVEPACKAGE PACKAGE="/Game/PointLight_Blueprint" FILE="D:/Workspace/Unreal/StarterProject/Content/PointLight_Blueprint.uasset" SILENT=true
[2017.11.03-13.43.27:132][149]LogSavePackage: Save=11.63ms
[2017.11.03-13.43.27:132][149]LogSavePackage: Moving 'D:/Workspace/Unreal/StarterProject/Saved/PointLight_BlueprintBC84B7EA4005D4A41C2FF6B74DBA81A6.tmp' to 'D:/Workspace/Unreal/StarterProject/Content/PointLight_Blueprint.uasset'
[2017.11.03-13.43.27:133][149]LogSavePackage: Display: Finished SavePackage D:/Workspace/Unreal/StarterProject/Content/PointLight_Blueprint.uasset
[2017.11.03-13.43.28:249][215]BlueprintLog: New page: Compile PointLight_Blueprint
[2017.11.03-13.43.28:931][227]Cmd: OBJ SAVEPACKAGE PACKAGE="/Game/PointLight_Blueprint" FILE="D:/Workspace/Unreal/StarterProject/Content/PointLight_Blueprint.uasset" SILENT=true
[2017.11.03-13.43.28:942][227]LogSavePackage: Save=9.05ms
[2017.11.03-13.43.28:942][227]LogSavePackage: Moving 'D:/Workspace/Unreal/StarterProject/Saved/PointLight_BlueprintFA442CBC4BE1A775D168E89AE8635A50.tmp' to 'D:/Workspace/Unreal/StarterProject/Content/PointLight_Blueprint.uasset'
[2017.11.03-13.43.28:943][227]LogSavePackage: Display: Finished SavePackage D:/Workspace/Unreal/StarterProject/Content/PointLight_Blueprint.uasset
[2017.11.03-13.43.32:713][442]LogEditorActor: Deleted Actor: Blueprint_CeilingLight_C
[2017.11.03-13.43.32:730][442]LogEditorActor: Deleted 1 Actors (0.018 secs)
[2017.11.03-13.43.34:423][529]LogEditorActor: Deleted Actor: Blueprint_CeilingLight2_C
[2017.11.03-13.43.34:438][529]LogEditorActor: Deleted 1 Actors (0.015 secs)
[2017.11.03-13.44.03:808][228]Cmd: OBJ SAVEPACKAGE PACKAGE="/Game/StarterContent/Maps/Level1" FILE="D:/Workspace/Unreal/StarterProject/Content/StarterContent/Maps/Level1.umap" SILENT=true AUTOSAVING=false KEEPDIRTY=false
[2017.11.03-13.44.03:895][228]LogSavePackage: Save=68.94ms
[2017.11.03-13.44.03:895][228]LogSavePackage: Moving 'D:/Workspace/Unreal/StarterProject/Saved/Level1E6F163D74F1DDD9B42A483AA191219C0.tmp' to 'D:/Workspace/Unreal/StarterProject/Content/StarterContent/Maps/Level1.umap'
[2017.11.03-13.44.03:896][228]LogSavePackage: Display: Finished SavePackage D:/Workspace/Unreal/StarterProject/Content/StarterContent/Maps/Level1.umap
[2017.11.03-13.44.03:908][228]LogFileHelpers: Saving map 'Level1' took 0.169
[2017.11.03-13.44.04:503][259]LogTemp: Repeating last play command: Selected Viewport
[2017.11.03-13.44.04:516][259]LogBlueprintUserMessages: Early PlayInEditor Detection: Level '/Game/StarterContent/Maps/Level1.Level1:PersistentLevel' has LevelScriptBlueprint '/Game/StarterContent/Maps/Level1.Level1:PersistentLevel.Level1' with GeneratedClass '/Game/StarterContent/Maps/Level1.Level1_C' with ClassGeneratedBy '/Game/StarterContent/Maps/Level1.Level1:PersistentLevel.Level1'
[2017.11.03-13.44.04:516][259]LogPlayLevel: PlayLevel: No blueprints needed recompiling
[2017.11.03-13.44.04:516][259]PIE: New page: PIE session: Level1 (Nov 4, 2017, 3:44:04 AM)
[2017.11.03-13.44.04:516][259]LogPlayLevel: Creating play world package: /Game/StarterContent/Maps/UEDPIE_0_Level1
[2017.11.03-13.44.04:520][259]LogPlayLevel: PIE: StaticDuplicateObject took: (0.004177s)
[2017.11.03-13.44.04:521][259]LogAIModule: Creating AISystem for world Level1
[2017.11.03-13.44.04:521][259]LogPlayLevel: PIE: World Init took: (0.000874s)
[2017.11.03-13.44.04:521][259]LogPlayLevel: PIE: Created PIE world by copying editor world from /Game/StarterContent/Maps/Level1.Level1 to /Game/StarterContent/Maps/UEDPIE_0_Level1.Level1 (0.005310s)
[2017.11.03-13.44.04:539][259]LogInit: XAudio2 using 'Speakers (Realtek High Definition Audio)' : 2 channels at 48 kHz using 32 bits per sample (channel mask 0x3)
[2017.11.03-13.44.04:569][259]LogInit: FAudioDevice initialized.
[2017.11.03-13.44.04:608][259]LogLoad: Game class is 'GameModeBase'
[2017.11.03-13.44.04:609][259]LogWorld: Bringing World /Game/StarterContent/Maps/UEDPIE_0_Level1.Level1 up for play (max tick rate 60) at 2017.11.03-20.44.04
[2017.11.03-13.44.04:609][259]LogWorld: Bringing up level for play took: 0.000835
[2017.11.03-13.44.04:610][259]PIE: Play in editor start time for /Game/StarterContent/Maps/UEDPIE_0_Level1 -0.48
[2017.11.03-13.44.04:611][259]LogBlueprintUserMessages: Late PlayInEditor Detection: Level '/Game/StarterContent/Maps/Level1.Level1:PersistentLevel' has LevelScriptBlueprint '/Game/StarterContent/Maps/Level1.Level1:PersistentLevel.Level1' with GeneratedClass '/Game/StarterContent/Maps/Level1.Level1_C' with ClassGeneratedBy '/Game/StarterContent/Maps/Level1.Level1:PersistentLevel.Level1'
[2017.11.03-13.44.10:848][632]LogBlueprintUserMessages: Early EndPlayMap Detection: Level '/Game/StarterContent/Maps/Level1.Level1:PersistentLevel' has LevelScriptBlueprint '/Game/StarterContent/Maps/Level1.Level1:PersistentLevel.Level1' with GeneratedClass '/Game/StarterContent/Maps/Level1.Level1_C' with ClassGeneratedBy '/Game/StarterContent/Maps/Level1.Level1:PersistentLevel.Level1'
[2017.11.03-13.44.10:910][632]LogBlueprintUserMessages: Late EndPlayMap Detection: Level '/Game/StarterContent/Maps/Level1.Level1:PersistentLevel' has LevelScriptBlueprint '/Game/StarterContent/Maps/Level1.Level1:PersistentLevel.Level1' with GeneratedClass '/Game/StarterContent/Maps/Level1.Level1_C' with ClassGeneratedBy '/Game/StarterContent/Maps/Level1.Level1:PersistentLevel.Level1'
[2017.11.03-13.44.23:341][358]Cmd: OBJ SAVEPACKAGE PACKAGE="/Game/StarterContent/Maps/Level1" FILE="D:/Workspace/Unreal/StarterProject/Content/StarterContent/Maps/Level1.umap" SILENT=true AUTOSAVING=false KEEPDIRTY=false
[2017.11.03-13.44.23:436][358]LogSavePackage: Save=66.37ms
[2017.11.03-13.44.23:436][358]LogSavePackage: Moving 'D:/Workspace/Unreal/StarterProject/Saved/Level1DEC646154271F2ECFEE23E8D53F726E5.tmp' to 'D:/Workspace/Unreal/StarterProject/Content/StarterContent/Maps/Level1.umap'
[2017.11.03-13.44.23:436][358]LogSavePackage: Display: Finished SavePackage D:/Workspace/Unreal/StarterProject/Content/StarterContent/Maps/Level1.umap
[2017.11.03-13.44.25:801][492]LogTemp: Repeating last play command: Selected Viewport
[2017.11.03-13.44.25:811][492]LogBlueprintUserMessages: Early PlayInEditor Detection: Level '/Game/StarterContent/Maps/Level1.Level1:PersistentLevel' has LevelScriptBlueprint '/Game/StarterContent/Maps/Level1.Level1:PersistentLevel.Level1' with GeneratedClass '/Game/StarterContent/Maps/Level1.Level1_C' with ClassGeneratedBy '/Game/StarterContent/Maps/Level1.Level1:PersistentLevel.Level1'
[2017.11.03-13.44.25:811][492]LogPlayLevel: PlayLevel: No blueprints needed recompiling
[2017.11.03-13.44.25:811][492]PIE: New page: PIE session: Level1 (Nov 4, 2017, 3:44:25 AM)
[2017.11.03-13.44.25:811][492]LogPlayLevel: Creating play world package: /Game/StarterContent/Maps/UEDPIE_0_Level1
[2017.11.03-13.44.25:815][492]LogPlayLevel: PIE: StaticDuplicateObject took: (0.003852s)
[2017.11.03-13.44.25:816][492]LogAIModule: Creating AISystem for world Level1
[2017.11.03-13.44.25:816][492]LogPlayLevel: PIE: World Init took: (0.000689s)
[2017.11.03-13.44.25:816][492]LogPlayLevel: PIE: Created PIE world by copying editor world from /Game/StarterContent/Maps/Level1.Level1 to /Game/StarterContent/Maps/UEDPIE_0_Level1.Level1 (0.004846s)
[2017.11.03-13.44.25:834][492]LogInit: XAudio2 using 'Speakers (Realtek High Definition Audio)' : 2 channels at 48 kHz using 32 bits per sample (channel mask 0x3)
[2017.11.03-13.44.25:865][492]LogInit: FAudioDevice initialized.
[2017.11.03-13.44.25:906][492]LogLoad: Game class is 'GameModeBase'
[2017.11.03-13.44.25:907][492]LogWorld: Bringing World /Game/StarterContent/Maps/UEDPIE_0_Level1.Level1 up for play (max tick rate 60) at 2017.11.03-20.44.25
[2017.11.03-13.44.25:907][492]LogWorld: Bringing up level for play took: 0.000835
[2017.11.03-13.44.25:908][492]PIE: Play in editor start time for /Game/StarterContent/Maps/UEDPIE_0_Level1 0.818
[2017.11.03-13.44.25:909][492]LogBlueprintUserMessages: Late PlayInEditor Detection: Level '/Game/StarterContent/Maps/Level1.Level1:PersistentLevel' has LevelScriptBlueprint '/Game/StarterContent/Maps/Level1.Level1:PersistentLevel.Level1' with GeneratedClass '/Game/StarterContent/Maps/Level1.Level1_C' with ClassGeneratedBy '/Game/StarterContent/Maps/Level1.Level1:PersistentLevel.Level1'
[2017.11.03-13.44.28:870][669]LogBlueprintUserMessages: Early EndPlayMap Detection: Level '/Game/StarterContent/Maps/Level1.Level1:PersistentLevel' has LevelScriptBlueprint '/Game/StarterContent/Maps/Level1.Level1:PersistentLevel.Level1' with GeneratedClass '/Game/StarterContent/Maps/Level1.Level1_C' with ClassGeneratedBy '/Game/StarterContent/Maps/Level1.Level1:PersistentLevel.Level1'
[2017.11.03-13.44.28:920][669]LogBlueprintUserMessages: Late EndPlayMap Detection: Level '/Game/StarterContent/Maps/Level1.Level1:PersistentLevel' has LevelScriptBlueprint '/Game/StarterContent/Maps/Level1.Level1:PersistentLevel.Level1' with GeneratedClass '/Game/StarterContent/Maps/Level1.Level1_C' with ClassGeneratedBy '/Game/StarterContent/Maps/Level1.Level1:PersistentLevel.Level1'
[2017.11.03-13.45.07:106][866]LogTabManager: Warning: Unable to insert tab 'Document'.
[2017.11.03-13.45.07:107][866]LogTabManager: Warning: Cannot spawn tab because no spawner is registered for 'Document'
[2017.11.03-13.45.18:008][397]LogEditorActor: Deleted 0 Actors (1.665 secs)
[2017.11.03-13.45.33:355][160]LogTemp: Repeating last play command: Selected Viewport
[2017.11.03-13.45.33:365][160]LogBlueprintUserMessages: Early PlayInEditor Detection: Level '/Game/StarterContent/Maps/Level1.Level1:PersistentLevel' has LevelScriptBlueprint '/Game/StarterContent/Maps/Level1.Level1:PersistentLevel.Level1' with GeneratedClass '/Game/StarterContent/Maps/Level1.Level1_C' with ClassGeneratedBy '/Game/StarterContent/Maps/Level1.Level1:PersistentLevel.Level1'
[2017.11.03-13.45.33:365][160]LogPlayLevel: PlayLevel: No blueprints needed recompiling
[2017.11.03-13.45.33:365][160]PIE: New page: PIE session: Level1 (Nov 4, 2017, 3:45:33 AM)
[2017.11.03-13.45.33:365][160]LogPlayLevel: Creating play world package: /Game/StarterContent/Maps/UEDPIE_0_Level1
[2017.11.03-13.45.33:370][160]LogPlayLevel: PIE: StaticDuplicateObject took: (0.004233s)
[2017.11.03-13.45.33:370][160]LogAIModule: Creating AISystem for world Level1
[2017.11.03-13.45.33:370][160]LogPlayLevel: PIE: World Init took: (0.000676s)
[2017.11.03-13.45.33:371][160]LogPlayLevel: PIE: Created PIE world by copying editor world from /Game/StarterContent/Maps/Level1.Level1 to /Game/StarterContent/Maps/UEDPIE_0_Level1.Level1 (0.005309s)
[2017.11.03-13.45.33:390][160]LogInit: XAudio2 using 'Speakers (Realtek High Definition Audio)' : 2 channels at 48 kHz using 32 bits per sample (channel mask 0x3)
[2017.11.03-13.45.33:420][160]LogInit: FAudioDevice initialized.
[2017.11.03-13.45.33:457][160]LogLoad: Game class is 'GameModeBase'
[2017.11.03-13.45.33:458][160]LogWorld: Bringing World /Game/StarterContent/Maps/UEDPIE_0_Level1.Level1 up for play (max tick rate 60) at 2017.11.03-20.45.33
[2017.11.03-13.45.33:458][160]LogWorld: Bringing up level for play took: 0.000837
[2017.11.03-13.45.33:459][160]PIE: Play in editor start time for /Game/StarterContent/Maps/UEDPIE_0_Level1 0.368
[2017.11.03-13.45.33:459][160]LogBlueprintUserMessages: Late PlayInEditor Detection: Level '/Game/StarterContent/Maps/Level1.Level1:PersistentLevel' has LevelScriptBlueprint '/Game/StarterContent/Maps/Level1.Level1:PersistentLevel.Level1' with GeneratedClass '/Game/StarterContent/Maps/Level1.Level1_C' with ClassGeneratedBy '/Game/StarterContent/Maps/Level1.Level1:PersistentLevel.Level1'
[2017.11.03-13.45.37:389][395]LogBlueprintUserMessages: Early EndPlayMap Detection: Level '/Game/StarterContent/Maps/Level1.Level1:PersistentLevel' has LevelScriptBlueprint '/Game/StarterContent/Maps/Level1.Level1:PersistentLevel.Level1' with GeneratedClass '/Game/StarterContent/Maps/Level1.Level1_C' with ClassGeneratedBy '/Game/StarterContent/Maps/Level1.Level1:PersistentLevel.Level1'
[2017.11.03-13.45.37:463][395]LogBlueprintUserMessages: Late EndPlayMap Detection: Level '/Game/StarterContent/Maps/Level1.Level1:PersistentLevel' has LevelScriptBlueprint '/Game/StarterContent/Maps/Level1.Level1:PersistentLevel.Level1' with GeneratedClass '/Game/StarterContent/Maps/Level1.Level1_C' with ClassGeneratedBy '/Game/StarterContent/Maps/Level1.Level1:PersistentLevel.Level1'
[2017.11.03-13.45.38:309][421]Cmd: OBJ SAVEPACKAGE PACKAGE="/Game/Blueprints/SM_Lamp_Ceiling_Blueprint" FILE="D:/Workspace/Unreal/StarterProject/Content/Blueprints/SM_Lamp_Ceiling_Blueprint.uasset" SILENT=true
[2017.11.03-13.45.38:333][421]LogSavePackage: Save=22.47ms
[2017.11.03-13.45.38:333][421]LogSavePackage: Moving 'D:/Workspace/Unreal/StarterProject/Saved/SM_Lamp_Ceiling_Blueprint6EFD5CB74753485C0FAC9292E1F83F57.tmp' to 'D:/Workspace/Unreal/StarterProject/Content/Blueprints/SM_Lamp_Ceiling_Blueprint.uasset'
[2017.11.03-13.45.38:334][421]LogSavePackage: Display: Finished SavePackage D:/Workspace/Unreal/StarterProject/Content/Blueprints/SM_Lamp_Ceiling_Blueprint.uasset
[2017.11.03-13.45.51:433][926]LogEditorActor: Deleted Actor: PointLight_Blueprint_C
[2017.11.03-13.45.51:450][926]LogEditorActor: Deleted 1 Actors (2.003 secs)
[2017.11.03-13.45.56:692][234]Cmd: TRANSACTION UNDO
[2017.11.03-13.45.56:692][234]LogEditorTransaction: Undo Delete selection
[2017.11.03-13.46.17:845][410]LogEditorActor: Deleted Actor: PointLight_Blueprint_C
[2017.11.03-13.46.17:860][410]LogEditorActor: Deleted 1 Actors (1.415 secs)
[2017.11.03-13.46.51:835][249]Cmd: OBJ SAVEPACKAGE PACKAGE="/Game/StarterContent/Maps/Level1" FILE="D:/Workspace/Unreal/StarterProject/Content/StarterContent/Maps/Level1.umap" SILENT=true AUTOSAVING=false KEEPDIRTY=false
[2017.11.03-13.46.51:917][249]LogSavePackage: Save=64.65ms
[2017.11.03-13.46.51:917][249]LogSavePackage: Moving 'D:/Workspace/Unreal/StarterProject/Saved/Level1CE599EA440318D2083D9A8B6C4016CCB.tmp' to 'D:/Workspace/Unreal/StarterProject/Content/StarterContent/Maps/Level1.umap'
[2017.11.03-13.46.51:918][249]LogSavePackage: Display: Finished SavePackage D:/Workspace/Unreal/StarterProject/Content/StarterContent/Maps/Level1.umap
[2017.11.03-13.46.51:929][249]LogFileHelpers: Saving map 'Level1' took 0.160
[2017.11.03-13.46.52:911][299]LogTemp: Repeating last play command: Selected Viewport
[2017.11.03-13.46.52:923][299]LogBlueprintUserMessages: Early PlayInEditor Detection: Level '/Game/StarterContent/Maps/Level1.Level1:PersistentLevel' has LevelScriptBlueprint '/Game/StarterContent/Maps/Level1.Level1:PersistentLevel.Level1' with GeneratedClass '/Game/StarterContent/Maps/Level1.Level1_C' with ClassGeneratedBy '/Game/StarterContent/Maps/Level1.Level1:PersistentLevel.Level1'
[2017.11.03-13.46.52:923][299]LogPlayLevel: PlayLevel: No blueprints needed recompiling
[2017.11.03-13.46.52:923][299]PIE: New page: PIE session: Level1 (Nov 4, 2017, 3:46:52 AM)
[2017.11.03-13.46.52:923][299]LogPlayLevel: Creating play world package: /Game/StarterContent/Maps/UEDPIE_0_Level1
[2017.11.03-13.46.52:927][299]LogPlayLevel: PIE: StaticDuplicateObject took: (0.003934s)
[2017.11.03-13.46.52:928][299]LogAIModule: Creating AISystem for world Level1
[2017.11.03-13.46.52:928][299]LogPlayLevel: PIE: World Init took: (0.000971s)
[2017.11.03-13.46.52:929][299]LogPlayLevel: PIE: Created PIE world by copying editor world from /Game/StarterContent/Maps/Level1.Level1 to /Game/StarterContent/Maps/UEDPIE_0_Level1.Level1 (0.005139s)
[2017.11.03-13.46.52:948][299]LogInit: XAudio2 using 'Speakers (Realtek High Definition Audio)' : 2 channels at 48 kHz using 32 bits per sample (channel mask 0x3)
[2017.11.03-13.46.52:978][299]LogInit: FAudioDevice initialized.
[2017.11.03-13.46.53:014][299]LogLoad: Game class is 'GameModeBase'
[2017.11.03-13.46.53:015][299]LogWorld: Bringing World /Game/StarterContent/Maps/UEDPIE_0_Level1.Level1 up for play (max tick rate 60) at 2017.11.03-20.46.53
[2017.11.03-13.46.53:016][299]LogWorld: Bringing up level for play took: 0.000815
[2017.11.03-13.46.53:017][299]PIE: Play in editor start time for /Game/StarterContent/Maps/UEDPIE_0_Level1 -0.074
[2017.11.03-13.46.53:017][299]LogBlueprintUserMessages: Late PlayInEditor Detection: Level '/Game/StarterContent/Maps/Level1.Level1:PersistentLevel' has LevelScriptBlueprint '/Game/StarterContent/Maps/Level1.Level1:PersistentLevel.Level1' with GeneratedClass '/Game/StarterContent/Maps/Level1.Level1_C' with ClassGeneratedBy '/Game/StarterContent/Maps/Level1.Level1:PersistentLevel.Level1'
[2017.11.03-13.46.56:698][519]LogBlueprintUserMessages: Early EndPlayMap Detection: Level '/Game/StarterContent/Maps/Level1.Level1:PersistentLevel' has LevelScriptBlueprint '/Game/StarterContent/Maps/Level1.Level1:PersistentLevel.Level1' with GeneratedClass '/Game/StarterContent/Maps/Level1.Level1_C' with ClassGeneratedBy '/Game/StarterContent/Maps/Level1.Level1:PersistentLevel.Level1'
[2017.11.03-13.46.56:772][519]LogBlueprintUserMessages: Late EndPlayMap Detection: Level '/Game/StarterContent/Maps/Level1.Level1:PersistentLevel' has LevelScriptBlueprint '/Game/StarterContent/Maps/Level1.Level1:PersistentLevel.Level1' with GeneratedClass '/Game/StarterContent/Maps/Level1.Level1_C' with ClassGeneratedBy '/Game/StarterContent/Maps/Level1.Level1:PersistentLevel.Level1'
[2017.11.03-13.47.30:791][415]LogTemp: Repeating last play command: Selected Viewport
[2017.11.03-13.47.30:801][415]LogBlueprintUserMessages: Early PlayInEditor Detection: Level '/Game/StarterContent/Maps/Level1.Level1:PersistentLevel' has LevelScriptBlueprint '/Game/StarterContent/Maps/Level1.Level1:PersistentLevel.Level1' with GeneratedClass '/Game/StarterContent/Maps/Level1.Level1_C' with ClassGeneratedBy '/Game/StarterContent/Maps/Level1.Level1:PersistentLevel.Level1'
[2017.11.03-13.47.30:801][415]BlueprintLog: New page: Pre-Play auto-recompile
[2017.11.03-13.47.30:804][415]LogPlayLevel: [PlayLevel] Compiling Level1 before play...
[2017.11.03-13.47.30:831][415]LogPlayLevel: PlayLevel: Blueprint regeneration took 29 ms (1 blueprints)
[2017.11.03-13.47.30:831][415]PIE: New page: PIE session: Level1 (Nov 4, 2017, 3:47:30 AM)
[2017.11.03-13.47.30:831][415]LogPlayLevel: Creating play world package: /Game/StarterContent/Maps/UEDPIE_0_Level1
[2017.11.03-13.47.30:835][415]LogPlayLevel: PIE: StaticDuplicateObject took: (0.004209s)
[2017.11.03-13.47.30:836][415]LogAIModule: Creating AISystem for world Level1
[2017.11.03-13.47.30:836][415]LogPlayLevel: PIE: World Init took: (0.000900s)
[2017.11.03-13.47.30:837][415]LogPlayLevel: PIE: Created PIE world by copying editor world from /Game/StarterContent/Maps/Level1.Level1 to /Game/StarterContent/Maps/UEDPIE_0_Level1.Level1 (0.005391s)
[2017.11.03-13.47.30:852][415]LogInit: XAudio2 using 'Speakers (Realtek High Definition Audio)' : 2 channels at 48 kHz using 32 bits per sample (channel mask 0x3)
[2017.11.03-13.47.30:882][415]LogInit: FAudioDevice initialized.
[2017.11.03-13.47.30:919][415]LogLoad: Game class is 'GameModeBase'
[2017.11.03-13.47.30:920][415]LogWorld: Bringing World /Game/StarterContent/Maps/UEDPIE_0_Level1.Level1 up for play (max tick rate 60) at 2017.11.03-20.47.30
[2017.11.03-13.47.30:920][415]LogWorld: Bringing up level for play took: 0.000829
[2017.11.03-13.47.30:921][415]PIE: Play in editor start time for /Game/StarterContent/Maps/UEDPIE_0_Level1 -0.169
[2017.11.03-13.47.30:922][415]LogBlueprintUserMessages: Late PlayInEditor Detection: Level '/Game/StarterContent/Maps/Level1.Level1:PersistentLevel' has LevelScriptBlueprint '/Game/StarterContent/Maps/Level1.Level1:PersistentLevel.Level1' with GeneratedClass '/Game/StarterContent/Maps/Level1.Level1_C' with ClassGeneratedBy '/Game/StarterContent/Maps/Level1.Level1:PersistentLevel.Level1'
[2017.11.03-13.47.33:519][570]LogBlueprintUserMessages: Early EndPlayMap Detection: Level '/Game/StarterContent/Maps/Level1.Level1:PersistentLevel' has LevelScriptBlueprint '/Game/StarterContent/Maps/Level1.Level1:PersistentLevel.Level1' with GeneratedClass '/Game/StarterContent/Maps/Level1.Level1_C' with ClassGeneratedBy '/Game/StarterContent/Maps/Level1.Level1:PersistentLevel.Level1'
[2017.11.03-13.47.33:586][570]LogBlueprintUserMessages: Late EndPlayMap Detection: Level '/Game/StarterContent/Maps/Level1.Level1:PersistentLevel' has LevelScriptBlueprint '/Game/StarterContent/Maps/Level1.Level1:PersistentLevel.Level1' with GeneratedClass '/Game/StarterContent/Maps/Level1.Level1_C' with ClassGeneratedBy '/Game/StarterContent/Maps/Level1.Level1:PersistentLevel.Level1'
[2017.11.03-13.47.34:929][642]BlueprintLog: New page: Compile Level1
[2017.11.03-13.47.36:121][712]LogTemp: Repeating last play command: Selected Viewport
[2017.11.03-13.47.36:131][712]LogBlueprintUserMessages: Early PlayInEditor Detection: Level '/Game/StarterContent/Maps/Level1.Level1:PersistentLevel' has LevelScriptBlueprint '/Game/StarterContent/Maps/Level1.Level1:PersistentLevel.Level1' with GeneratedClass '/Game/StarterContent/Maps/Level1.Level1_C' with ClassGeneratedBy '/Game/StarterContent/Maps/Level1.Level1:PersistentLevel.Level1'
[2017.11.03-13.47.36:131][712]LogPlayLevel: PlayLevel: No blueprints needed recompiling
[2017.11.03-13.47.36:132][712]PIE: New page: PIE session: Level1 (Nov 4, 2017, 3:47:36 AM)
[2017.11.03-13.47.36:132][712]LogPlayLevel: Creating play world package: /Game/StarterContent/Maps/UEDPIE_0_Level1
[2017.11.03-13.47.36:136][712]LogPlayLevel: PIE: StaticDuplicateObject took: (0.004046s)
[2017.11.03-13.47.36:136][712]LogAIModule: Creating AISystem for world Level1
[2017.11.03-13.47.36:136][712]LogPlayLevel: PIE: World Init took: (0.000673s)
[2017.11.03-13.47.36:137][712]LogPlayLevel: PIE: Created PIE world by copying editor world from /Game/StarterContent/Maps/Level1.Level1 to /Game/StarterContent/Maps/UEDPIE_0_Level1.Level1 (0.004974s)
[2017.11.03-13.47.36:154][712]LogInit: XAudio2 using 'Speakers (Realtek High Definition Audio)' : 2 channels at 48 kHz using 32 bits per sample (channel mask 0x3)
[2017.11.03-13.47.36:184][712]LogInit: FAudioDevice initialized.
[2017.11.03-13.47.36:229][712]LogLoad: Game class is 'GameModeBase'
[2017.11.03-13.47.36:230][712]LogWorld: Bringing World /Game/StarterContent/Maps/UEDPIE_0_Level1.Level1 up for play (max tick rate 60) at 2017.11.03-20.47.36
[2017.11.03-13.47.36:231][712]LogWorld: Bringing up level for play took: 0.000789
[2017.11.03-13.47.36:232][712]PIE: Play in editor start time for /Game/StarterContent/Maps/UEDPIE_0_Level1 -0.859
[2017.11.03-13.47.36:232][712]LogBlueprintUserMessages: Late PlayInEditor Detection: Level '/Game/StarterContent/Maps/Level1.Level1:PersistentLevel' has LevelScriptBlueprint '/Game/StarterContent/Maps/Level1.Level1:PersistentLevel.Level1' with GeneratedClass '/Game/StarterContent/Maps/Level1.Level1_C' with ClassGeneratedBy '/Game/StarterContent/Maps/Level1.Level1:PersistentLevel.Level1'
[2017.11.03-13.47.44:731][221]LogBlueprintUserMessages: Early EndPlayMap Detection: Level '/Game/StarterContent/Maps/Level1.Level1:PersistentLevel' has LevelScriptBlueprint '/Game/StarterContent/Maps/Level1.Level1:PersistentLevel.Level1' with GeneratedClass '/Game/StarterContent/Maps/Level1.Level1_C' with ClassGeneratedBy '/Game/StarterContent/Maps/Level1.Level1:PersistentLevel.Level1'
[2017.11.03-13.47.44:790][221]LogBlueprintUserMessages: Late EndPlayMap Detection: Level '/Game/StarterContent/Maps/Level1.Level1:PersistentLevel' has LevelScriptBlueprint '/Game/StarterContent/Maps/Level1.Level1:PersistentLevel.Level1' with GeneratedClass '/Game/StarterContent/Maps/Level1.Level1_C' with ClassGeneratedBy '/Game/StarterContent/Maps/Level1.Level1:PersistentLevel.Level1'
[2017.11.03-13.47.47:782][391]LogEditorTransaction: Undo Create Pin Link
[2017.11.03-13.47.48:196][412]LogEditorTransaction: Undo Create Pin Link
[2017.11.03-13.47.48:531][429]LogEditorTransaction: Undo Add Node
[2017.11.03-13.47.48:780][441]LogEditorTransaction: Undo Create Pin Link
[2017.11.03-13.47.49:161][461]LogEditorTransaction: Undo Create Pin Link
[2017.11.03-13.47.49:525][480]LogEditorTransaction: Undo Add Node
[2017.11.03-13.49.08:005][ 57]Cmd: SELECT NONE
[2017.11.03-13.49.21:451][807]Cmd: OBJ SAVEPACKAGE PACKAGE="/Game/Blueprints/PointLight_Blueprint" FILE="D:/Workspace/Unreal/StarterProject/Content/Blueprints/PointLight_Blueprint.uasset" SILENT=true
[2017.11.03-13.49.21:463][807]LogSavePackage: Save=8.82ms
[2017.11.03-13.49.21:463][807]LogSavePackage: Moving 'D:/Workspace/Unreal/StarterProject/Saved/PointLight_BlueprintE982F125455EA69FC841DEBC91C1A9DE.tmp' to 'D:/Workspace/Unreal/StarterProject/Content/Blueprints/PointLight_Blueprint.uasset'
[2017.11.03-13.49.21:463][807]LogSavePackage: Display: Finished SavePackage D:/Workspace/Unreal/StarterProject/Content/Blueprints/PointLight_Blueprint.uasset
[2017.11.03-13.49.22:701][881]BlueprintLog: New page: Compile PointLight_Blueprint
[2017.11.03-13.49.24:232][949]LogTemp: Repeating last play command: Selected Viewport
[2017.11.03-13.49.24:243][949]LogBlueprintUserMessages: Early PlayInEditor Detection: Level '/Game/StarterContent/Maps/Level1.Level1:PersistentLevel' has LevelScriptBlueprint '/Game/StarterContent/Maps/Level1.Level1:PersistentLevel.Level1' with GeneratedClass '/Game/StarterContent/Maps/Level1.Level1_C' with ClassGeneratedBy '/Game/StarterContent/Maps/Level1.Level1:PersistentLevel.Level1'
[2017.11.03-13.49.24:243][949]BlueprintLog: New page: Pre-Play auto-recompile
[2017.11.03-13.49.24:245][949]LogPlayLevel: [PlayLevel] Compiling Level1 before play...
[2017.11.03-13.49.24:249][949]LogBlueprint: Error: [Compiler PersistentLevel.Level1] This blueprint (self) is not a SceneComponent, therefore ' Target ' must have a connection.
[2017.11.03-13.49.24:249][949]LogBlueprint: Error: [Compiler PersistentLevel.Level1] This blueprint (self) is not a SceneComponent, therefore ' Target ' must have a connection.
[2017.11.03-13.49.24:249][949]LogBlueprint: Error: [Compiler PersistentLevel.Level1] This blueprint (self) is not a SceneComponent, therefore ' Target ' must have a connection.
[2017.11.03-13.49.24:249][949]LogBlueprint: Error: [Compiler PersistentLevel.Level1] This blueprint (self) is not a SceneComponent, therefore ' Target ' must have a connection.
[2017.11.03-13.49.24:249][949]LogBlueprint: Error: [Compiler PersistentLevel.Level1] Variable node  Get bVisible  uses an invalid target.  It may depend on a node that is not connected to the execution chain, and got purged.
[2017.11.03-13.49.24:249][949]LogBlueprint: Error: [Compiler PersistentLevel.Level1] Variable node  Get bVisible  uses an invalid target.  It may depend on a node that is not connected to the execution chain, and got purged.
[2017.11.03-13.49.24:255][949]LogBlueprint: Warning: [Compiler PersistentLevel.Level1] [0434.49] Compile of PersistentLevel.Level1 failed. 6 Fatal Issue(s) 0 Warning(s) [in 9 ms] (/Game/StarterContent/Maps/Level1.Level1:PersistentLevel.Level1)
[2017.11.03-13.49.24:273][949]LogPlayLevel: PlayLevel: Blueprint regeneration took 30 ms (1 blueprints)
[2017.11.03-13.49.24:273][949]BlueprintLog: Blueprint Level1 failed to compile
[2017.11.03-13.49.27:528][ 12]LogTemp: Repeating last play command: Selected Viewport
[2017.11.03-13.49.27:541][ 12]LogBlueprintUserMessages: Early PlayInEditor Detection: Level '/Game/StarterContent/Maps/Level1.Level1:PersistentLevel' has LevelScriptBlueprint '/Game/StarterContent/Maps/Level1.Level1:PersistentLevel.Level1' with GeneratedClass '/Game/StarterContent/Maps/Level1.Level1_C' with ClassGeneratedBy '/Game/StarterContent/Maps/Level1.Level1:PersistentLevel.Level1'
[2017.11.03-13.49.27:541][ 12]BlueprintLog: New page: Pre-Play auto-recompile
[2017.11.03-13.49.27:544][ 12]LogPlayLevel: [PlayLevel] Compiling Level1 before play...
[2017.11.03-13.49.27:547][ 12]LogBlueprint: Error: [Compiler PersistentLevel.Level1] This blueprint (self) is not a SceneComponent, therefore ' Target ' must have a connection.
[2017.11.03-13.49.27:547][ 12]LogBlueprint: Error: [Compiler PersistentLevel.Level1] This blueprint (self) is not a SceneComponent, therefore ' Target ' must have a connection.
[2017.11.03-13.49.27:547][ 12]LogBlueprint: Error: [Compiler PersistentLevel.Level1] This blueprint (self) is not a SceneComponent, therefore ' Target ' must have a connection.
[2017.11.03-13.49.27:547][ 12]LogBlueprint: Error: [Compiler PersistentLevel.Level1] This blueprint (self) is not a SceneComponent, therefore ' Target ' must have a connection.
[2017.11.03-13.49.27:548][ 12]LogBlueprint: Error: [Compiler PersistentLevel.Level1] Variable node  Get bVisible  uses an invalid target.  It may depend on a node that is not connected to the execution chain, and got purged.
[2017.11.03-13.49.27:548][ 12]LogBlueprint: Error: [Compiler PersistentLevel.Level1] Variable node  Get bVisible  uses an invalid target.  It may depend on a node that is not connected to the execution chain, and got purged.
[2017.11.03-13.49.27:548][ 12]LogBlueprint: Warning: [Compiler PersistentLevel.Level1] [0437.78] Compile of PersistentLevel.Level1 failed. 6 Fatal Issue(s) 0 Warning(s) [in 4 ms] (/Game/StarterContent/Maps/Level1.Level1:PersistentLevel.Level1)
[2017.11.03-13.49.27:570][ 12]LogPlayLevel: PlayLevel: Blueprint regeneration took 29 ms (1 blueprints)
[2017.11.03-13.49.27:570][ 12]BlueprintLog: Blueprint Level1 failed to compile
[2017.11.03-13.49.57:298][613]BlueprintLog: New page: Compile Level1
[2017.11.03-13.49.58:535][680]Cmd: OBJ SAVEPACKAGE PACKAGE="/Game/StarterContent/Maps/Level1" FILE="D:/Workspace/Unreal/StarterProject/Content/StarterContent/Maps/Level1.umap" SILENT=true AUTOSAVING=false KEEPDIRTY=false
[2017.11.03-13.49.58:618][680]LogSavePackage: Save=65.71ms
[2017.11.03-13.49.58:618][680]LogSavePackage: Moving 'D:/Workspace/Unreal/StarterProject/Saved/Level17D27B0ED42B489892E57D6AB3E7E03E6.tmp' to 'D:/Workspace/Unreal/StarterProject/Content/StarterContent/Maps/Level1.umap'
[2017.11.03-13.49.58:619][680]LogSavePackage: Display: Finished SavePackage D:/Workspace/Unreal/StarterProject/Content/StarterContent/Maps/Level1.umap
[2017.11.03-13.49.58:632][680]LogFileHelpers: Saving map 'Level1' took 0.161
[2017.11.03-13.49.59:425][721]LogTemp: Repeating last play command: Selected Viewport
[2017.11.03-13.49.59:435][721]LogBlueprintUserMessages: Early PlayInEditor Detection: Level '/Game/StarterContent/Maps/Level1.Level1:PersistentLevel' has LevelScriptBlueprint '/Game/StarterContent/Maps/Level1.Level1:PersistentLevel.Level1' with GeneratedClass '/Game/StarterContent/Maps/Level1.Level1_C' with ClassGeneratedBy '/Game/StarterContent/Maps/Level1.Level1:PersistentLevel.Level1'
[2017.11.03-13.49.59:435][721]LogPlayLevel: PlayLevel: No blueprints needed recompiling
[2017.11.03-13.49.59:435][721]PIE: New page: PIE session: Level1 (Nov 4, 2017, 3:49:59 AM)
[2017.11.03-13.49.59:436][721]LogPlayLevel: Creating play world package: /Game/StarterContent/Maps/UEDPIE_0_Level1
[2017.11.03-13.49.59:440][721]LogPlayLevel: PIE: StaticDuplicateObject took: (0.004037s)
[2017.11.03-13.49.59:440][721]LogAIModule: Creating AISystem for world Level1
[2017.11.03-13.49.59:441][721]LogPlayLevel: PIE: World Init took: (0.000902s)
[2017.11.03-13.49.59:441][721]LogPlayLevel: PIE: Created PIE world by copying editor world from /Game/StarterContent/Maps/Level1.Level1 to /Game/StarterContent/Maps/UEDPIE_0_Level1.Level1 (0.005296s)
[2017.11.03-13.49.59:459][721]LogInit: XAudio2 using 'Speakers (Realtek High Definition Audio)' : 2 channels at 48 kHz using 32 bits per sample (channel mask 0x3)
[2017.11.03-13.49.59:491][721]LogInit: FAudioDevice initialized.
[2017.11.03-13.49.59:531][721]LogLoad: Game class is 'GameModeBase'
[2017.11.03-13.49.59:533][721]LogWorld: Bringing World /Game/StarterContent/Maps/UEDPIE_0_Level1.Level1 up for play (max tick rate 60) at 2017.11.03-20.49.59
[2017.11.03-13.49.59:533][721]LogWorld: Bringing up level for play took: 0.000864
[2017.11.03-13.49.59:534][721]PIE: Play in editor start time for /Game/StarterContent/Maps/UEDPIE_0_Level1 0.443
[2017.11.03-13.49.59:534][721]LogBlueprintUserMessages: Late PlayInEditor Detection: Level '/Game/StarterContent/Maps/Level1.Level1:PersistentLevel' has LevelScriptBlueprint '/Game/StarterContent/Maps/Level1.Level1:PersistentLevel.Level1' with GeneratedClass '/Game/StarterContent/Maps/Level1.Level1_C' with ClassGeneratedBy '/Game/StarterContent/Maps/Level1.Level1:PersistentLevel.Level1'
[2017.11.03-13.50.06:380][131]LogBlueprintUserMessages: Early EndPlayMap Detection: Level '/Game/StarterContent/Maps/Level1.Level1:PersistentLevel' has LevelScriptBlueprint '/Game/StarterContent/Maps/Level1.Level1:PersistentLevel.Level1' with GeneratedClass '/Game/StarterContent/Maps/Level1.Level1_C' with ClassGeneratedBy '/Game/StarterContent/Maps/Level1.Level1:PersistentLevel.Level1'
[2017.11.03-13.50.06:447][131]LogBlueprintUserMessages: Late EndPlayMap Detection: Level '/Game/StarterContent/Maps/Level1.Level1:PersistentLevel' has LevelScriptBlueprint '/Game/StarterContent/Maps/Level1.Level1:PersistentLevel.Level1' with GeneratedClass '/Game/StarterContent/Maps/Level1.Level1_C' with ClassGeneratedBy '/Game/StarterContent/Maps/Level1.Level1:PersistentLevel.Level1'
[2017.11.03-13.50.12:368][477]LogTemp: Repeating last play command: Selected Viewport
[2017.11.03-13.50.12:380][477]LogBlueprintUserMessages: Early PlayInEditor Detection: Level '/Game/StarterContent/Maps/Level1.Level1:PersistentLevel' has LevelScriptBlueprint '/Game/StarterContent/Maps/Level1.Level1:PersistentLevel.Level1' with GeneratedClass '/Game/StarterContent/Maps/Level1.Level1_C' with ClassGeneratedBy '/Game/StarterContent/Maps/Level1.Level1:PersistentLevel.Level1'
[2017.11.03-13.50.12:380][477]LogPlayLevel: PlayLevel: No blueprints needed recompiling
[2017.11.03-13.50.12:380][477]PIE: New page: PIE session: Level1 (Nov 4, 2017, 3:50:12 AM)
[2017.11.03-13.50.12:381][477]LogPlayLevel: Creating play world package: /Game/StarterContent/Maps/UEDPIE_0_Level1
[2017.11.03-13.50.12:384][477]LogPlayLevel: PIE: StaticDuplicateObject took: (0.003576s)
[2017.11.03-13.50.12:385][477]LogAIModule: Creating AISystem for world Level1
[2017.11.03-13.50.12:385][477]LogPlayLevel: PIE: World Init took: (0.000656s)
[2017.11.03-13.50.12:385][477]LogPlayLevel: PIE: Created PIE world by copying editor world from /Game/StarterContent/Maps/Level1.Level1 to /Game/StarterContent/Maps/UEDPIE_0_Level1.Level1 (0.004445s)
[2017.11.03-13.50.12:402][477]LogInit: XAudio2 using 'Speakers (Realtek High Definition Audio)' : 2 channels at 48 kHz using 32 bits per sample (channel mask 0x3)
[2017.11.03-13.50.12:432][477]LogInit: FAudioDevice initialized.
[2017.11.03-13.50.12:478][477]LogLoad: Game class is 'GameModeBase'
[2017.11.03-13.50.12:479][477]LogWorld: Bringing World /Game/StarterContent/Maps/UEDPIE_0_Level1.Level1 up for play (max tick rate 60) at 2017.11.03-20.50.12
[2017.11.03-13.50.12:480][477]LogWorld: Bringing up level for play took: 0.000785
[2017.11.03-13.50.12:481][477]PIE: Play in editor start time for /Game/StarterContent/Maps/UEDPIE_0_Level1 -0.61
[2017.11.03-13.50.12:481][477]LogBlueprintUserMessages: Late PlayInEditor Detection: Level '/Game/StarterContent/Maps/Level1.Level1:PersistentLevel' has LevelScriptBlueprint '/Game/StarterContent/Maps/Level1.Level1:PersistentLevel.Level1' with GeneratedClass '/Game/StarterContent/Maps/Level1.Level1_C' with ClassGeneratedBy '/Game/StarterContent/Maps/Level1.Level1:PersistentLevel.Level1'
[2017.11.03-13.50.15:225][641]LogBlueprintUserMessages: Early EndPlayMap Detection: Level '/Game/StarterContent/Maps/Level1.Level1:PersistentLevel' has LevelScriptBlueprint '/Game/StarterContent/Maps/Level1.Level1:PersistentLevel.Level1' with GeneratedClass '/Game/StarterContent/Maps/Level1.Level1_C' with ClassGeneratedBy '/Game/StarterContent/Maps/Level1.Level1:PersistentLevel.Level1'
[2017.11.03-13.50.15:266][641]LogBlueprintUserMessages: Late EndPlayMap Detection: Level '/Game/StarterContent/Maps/Level1.Level1:PersistentLevel' has LevelScriptBlueprint '/Game/StarterContent/Maps/Level1.Level1:PersistentLevel.Level1' with GeneratedClass '/Game/StarterContent/Maps/Level1.Level1_C' with ClassGeneratedBy '/Game/StarterContent/Maps/Level1.Level1:PersistentLevel.Level1'
[2017.11.03-13.50.25:269][221]Cmd: OBJ SAVEPACKAGE PACKAGE="/Game/StarterContent/Maps/Level1" FILE="D:/Workspace/Unreal/StarterProject/Content/StarterContent/Maps/Level1.umap" SILENT=true AUTOSAVING=false KEEPDIRTY=false
[2017.11.03-13.50.25:351][221]LogSavePackage: Save=64.78ms
[2017.11.03-13.50.25:351][221]LogSavePackage: Moving 'D:/Workspace/Unreal/StarterProject/Saved/Level135B1789942B81803ED962384B604EFB1.tmp' to 'D:/Workspace/Unreal/StarterProject/Content/StarterContent/Maps/Level1.umap'
[2017.11.03-13.50.25:352][221]LogSavePackage: Display: Finished SavePackage D:/Workspace/Unreal/StarterProject/Content/StarterContent/Maps/Level1.umap
[2017.11.03-13.50.25:364][221]LogFileHelpers: Saving map 'Level1' took 0.162
[2017.11.03-13.50.26:178][262]LogTemp: Repeating last play command: Selected Viewport
[2017.11.03-13.50.26:187][262]LogBlueprintUserMessages: Early PlayInEditor Detection: Level '/Game/StarterContent/Maps/Level1.Level1:PersistentLevel' has LevelScriptBlueprint '/Game/StarterContent/Maps/Level1.Level1:PersistentLevel.Level1' with GeneratedClass '/Game/StarterContent/Maps/Level1.Level1_C' with ClassGeneratedBy '/Game/StarterContent/Maps/Level1.Level1:PersistentLevel.Level1'
[2017.11.03-13.50.26:187][262]LogPlayLevel: PlayLevel: No blueprints needed recompiling
[2017.11.03-13.50.26:187][262]PIE: New page: PIE session: Level1 (Nov 4, 2017, 3:50:26 AM)
[2017.11.03-13.50.26:187][262]LogPlayLevel: Creating play world package: /Game/StarterContent/Maps/UEDPIE_0_Level1
[2017.11.03-13.50.26:193][262]LogPlayLevel: PIE: StaticDuplicateObject took: (0.006024s)
[2017.11.03-13.50.26:194][262]LogAIModule: Creating AISystem for world Level1
[2017.11.03-13.50.26:194][262]LogPlayLevel: PIE: World Init took: (0.001002s)
[2017.11.03-13.50.26:194][262]LogPlayLevel: PIE: Created PIE world by copying editor world from /Game/StarterContent/Maps/Level1.Level1 to /Game/StarterContent/Maps/UEDPIE_0_Level1.Level1 (0.007394s)
[2017.11.03-13.50.26:212][262]LogInit: XAudio2 using 'Speakers (Realtek High Definition Audio)' : 2 channels at 48 kHz using 32 bits per sample (channel mask 0x3)
[2017.11.03-13.50.26:242][262]LogInit: FAudioDevice initialized.
[2017.11.03-13.50.26:277][262]LogLoad: Game class is 'GameModeBase'
[2017.11.03-13.50.26:278][262]LogWorld: Bringing World /Game/StarterContent/Maps/UEDPIE_0_Level1.Level1 up for play (max tick rate 60) at 2017.11.03-20.50.26
[2017.11.03-13.50.26:278][262]LogWorld: Bringing up level for play took: 0.000915
[2017.11.03-13.50.26:279][262]PIE: Play in editor start time for /Game/StarterContent/Maps/UEDPIE_0_Level1 -0.811
[2017.11.03-13.50.26:280][262]LogBlueprintUserMessages: Late PlayInEditor Detection: Level '/Game/StarterContent/Maps/Level1.Level1:PersistentLevel' has LevelScriptBlueprint '/Game/StarterContent/Maps/Level1.Level1:PersistentLevel.Level1' with GeneratedClass '/Game/StarterContent/Maps/Level1.Level1_C' with ClassGeneratedBy '/Game/StarterContent/Maps/Level1.Level1:PersistentLevel.Level1'
[2017.11.03-13.50.33:864][716]LogBlueprintUserMessages: Early EndPlayMap Detection: Level '/Game/StarterContent/Maps/Level1.Level1:PersistentLevel' has LevelScriptBlueprint '/Game/StarterContent/Maps/Level1.Level1:PersistentLevel.Level1' with GeneratedClass '/Game/StarterContent/Maps/Level1.Level1_C' with ClassGeneratedBy '/Game/StarterContent/Maps/Level1.Level1:PersistentLevel.Level1'
[2017.11.03-13.50.33:909][716]LogBlueprintUserMessages: Late EndPlayMap Detection: Level '/Game/StarterContent/Maps/Level1.Level1:PersistentLevel' has LevelScriptBlueprint '/Game/StarterContent/Maps/Level1.Level1:PersistentLevel.Level1' with GeneratedClass '/Game/StarterContent/Maps/Level1.Level1_C' with ClassGeneratedBy '/Game/StarterContent/Maps/Level1.Level1:PersistentLevel.Level1'
